[0.418s] Invoking command in '/home/pat/ros2_ws/src/turtlesim_control': PYTHONPATH=/home/pat/ros2_ws/install/turtlesim_control/lib/python3.8/site-packages:${PYTHONPATH} /usr/bin/python3 setup.py egg_info --egg-base ../../build/turtlesim_control build --build-base /home/pat/ros2_ws/build/turtlesim_control/build install --prefix /home/pat/ros2_ws/install/turtlesim_control --record /home/pat/ros2_ws/build/turtlesim_control/install.log --single-version-externally-managed
[0.773s] running egg_info
[0.773s] writing ../../build/turtlesim_control/turtlesim_control.egg-info/PKG-INFO
[0.773s] writing dependency_links to ../../build/turtlesim_control/turtlesim_control.egg-info/dependency_links.txt
[0.774s] writing entry points to ../../build/turtlesim_control/turtlesim_control.egg-info/entry_points.txt
[0.774s] writing requirements to ../../build/turtlesim_control/turtlesim_control.egg-info/requires.txt
[0.774s] writing top-level names to ../../build/turtlesim_control/turtlesim_control.egg-info/top_level.txt
[0.807s] reading manifest file '../../build/turtlesim_control/turtlesim_control.egg-info/SOURCES.txt'
[0.807s] writing manifest file '../../build/turtlesim_control/turtlesim_control.egg-info/SOURCES.txt'
[0.808s] running build
[0.808s] running build_py
[0.808s] running install
[0.809s] running install_lib
[0.811s] running install_data
[0.812s] running install_egg_info
[0.815s] removing '/home/pat/ros2_ws/install/turtlesim_control/lib/python3.8/site-packages/turtlesim_control-0.0.0-py3.8.egg-info' (and everything under it)
[0.815s] Copying ../../build/turtlesim_control/turtlesim_control.egg-info to /home/pat/ros2_ws/install/turtlesim_control/lib/python3.8/site-packages/turtlesim_control-0.0.0-py3.8.egg-info
[0.816s] running install_scripts
[0.841s] Installing turtlesim_command script to /home/pat/ros2_ws/install/turtlesim_control/lib/turtlesim_control
[0.841s] Installing turtlesim_control script to /home/pat/ros2_ws/install/turtlesim_control/lib/turtlesim_control
[0.841s] writing list of installed files to '/home/pat/ros2_ws/build/turtlesim_control/install.log'
[0.875s] Invoked command in '/home/pat/ros2_ws/src/turtlesim_control' returned '0': PYTHONPATH=/home/pat/ros2_ws/install/turtlesim_control/lib/python3.8/site-packages:${PYTHONPATH} /usr/bin/python3 setup.py egg_info --egg-base ../../build/turtlesim_control build --build-base /home/pat/ros2_ws/build/turtlesim_control/build install --prefix /home/pat/ros2_ws/install/turtlesim_control --record /home/pat/ros2_ws/build/turtlesim_control/install.log --single-version-externally-managed
