[0.019s] Invoking command in '/home/pat/ros2_ws/build/turtlesim': CMAKE_PREFIX_PATH=${CMAKE_PREFIX_PATH}:/home/pat/Mazebot_ws/path_planning_ws/install/maze_bot:/opt/ros/foxy /usr/bin/cmake /home/pat/ros2_ws/src/ros_tutorials/turtlesim -DCMAKE_INSTALL_PREFIX=/home/pat/ros2_ws/install/turtlesim
[0.172s] -- The C compiler identification is GNU 9.4.0
[0.283s] -- The CXX compiler identification is GNU 9.4.0
[0.291s] -- Check for working C compiler: /usr/bin/cc
[0.367s] -- Check for working C compiler: /usr/bin/cc -- works
[0.369s] -- Detecting C compiler ABI info
[0.439s] -- Detecting C compiler ABI info - done
[0.448s] -- Detecting C compile features
[0.449s] -- Detecting C compile features - done
[0.452s] -- Check for working CXX compiler: /usr/bin/c++
[0.527s] -- Check for working CXX compiler: /usr/bin/c++ -- works
[0.528s] -- Detecting CXX compiler ABI info
[0.617s] -- Detecting CXX compiler ABI info - done
[0.627s] -- Detecting CXX compile features
[0.627s] -- Detecting CXX compile features - done
[0.633s] -- Found ament_cmake: 0.9.9 (/opt/ros/foxy/share/ament_cmake/cmake)
[0.672s] -- Found PythonInterp: /usr/bin/python3 (found suitable version "3.8.10", minimum required is "3") 
[0.672s] -- Using PYTHON_EXECUTABLE: /usr/bin/python3
[1.005s] -- Found ament_index_cpp: 1.1.0 (/opt/ros/foxy/share/ament_index_cpp/cmake)
[1.011s] -- Found geometry_msgs: 2.0.5 (/opt/ros/foxy/share/geometry_msgs/cmake)
[1.050s] -- Using all available rosidl_typesupport_c: rosidl_typesupport_fastrtps_c;rosidl_typesupport_introspection_c
[1.061s] -- Found rosidl_adapter: 1.2.1 (/opt/ros/foxy/share/rosidl_adapter/cmake)
[1.159s] -- Found OpenSSL: /usr/lib/x86_64-linux-gnu/libcrypto.so (found version "1.1.1f")  
[1.189s] -- Found FastRTPS: /opt/ros/foxy/include  
[1.267s] -- Using all available rosidl_typesupport_cpp: rosidl_typesupport_fastrtps_cpp;rosidl_typesupport_introspection_cpp
[1.371s] -- Found rclcpp: 2.4.1 (/opt/ros/foxy/share/rclcpp/cmake)
[1.421s] -- Found rmw_implementation_cmake: 1.0.3 (/opt/ros/foxy/share/rmw_implementation_cmake/cmake)
[1.423s] -- Using RMW implementation 'rmw_fastrtps_cpp' as default
[1.425s] -- Looking for pthread.h
[1.502s] -- Looking for pthread.h - found
[1.502s] -- Performing Test CMAKE_HAVE_LIBC_PTHREAD
[1.584s] -- Performing Test CMAKE_HAVE_LIBC_PTHREAD - Failed
[1.584s] -- Looking for pthread_create in pthreads
[1.638s] -- Looking for pthread_create in pthreads - not found
[1.638s] -- Looking for pthread_create in pthread
[1.711s] -- Looking for pthread_create in pthread - found
[1.712s] -- Found Threads: TRUE  
[1.847s] -- Found rclcpp_action: 2.4.1 (/opt/ros/foxy/share/rclcpp_action/cmake)
[1.922s] -- Found rosidl_default_generators: 1.0.1 (/opt/ros/foxy/share/rosidl_default_generators/cmake)
[1.936s] -- Found std_srvs: 2.0.5 (/opt/ros/foxy/share/std_srvs/cmake)
[1.974s] -- Found PythonInterp: /usr/bin/python3 (found version "3.8.10") 
[2.159s] -- Found ament_cmake_ros: 0.9.2 (/opt/ros/foxy/share/ament_cmake_ros/cmake)
[2.288s] -- Using all available rosidl_typesupport_c: rosidl_typesupport_fastrtps_c;rosidl_typesupport_introspection_c
[2.312s] -- Using all available rosidl_typesupport_cpp: rosidl_typesupport_fastrtps_cpp;rosidl_typesupport_introspection_cpp
[2.352s] -- Found PythonInterp: /usr/bin/python3 (found suitable version "3.8.10", minimum required is "3.5") 
[2.356s] -- Found python_cmake_module: 0.8.1 (/opt/ros/foxy/share/python_cmake_module/cmake)
[2.396s] -- Found PythonLibs: /usr/lib/x86_64-linux-gnu/libpython3.8.so (found suitable version "3.8.10", minimum required is "3.5") 
[2.396s] -- Using PYTHON_EXECUTABLE: /usr/bin/python3
[2.396s] -- Using PYTHON_INCLUDE_DIRS: /usr/include/python3.8
[2.397s] -- Using PYTHON_LIBRARIES: /usr/lib/x86_64-linux-gnu/libpython3.8.so
[2.425s] -- Found PythonExtra: .so  
[2.507s] -- Configuring done
[2.585s] -- Generating done
[2.587s] -- Build files have been written to: /home/pat/ros2_ws/build/turtlesim
[2.598s] Invoked command in '/home/pat/ros2_ws/build/turtlesim' returned '0': CMAKE_PREFIX_PATH=${CMAKE_PREFIX_PATH}:/home/pat/Mazebot_ws/path_planning_ws/install/maze_bot:/opt/ros/foxy /usr/bin/cmake /home/pat/ros2_ws/src/ros_tutorials/turtlesim -DCMAKE_INSTALL_PREFIX=/home/pat/ros2_ws/install/turtlesim
[2.601s] Invoking command in '/home/pat/ros2_ws/build/turtlesim': CMAKE_PREFIX_PATH=${CMAKE_PREFIX_PATH}:/home/pat/Mazebot_ws/path_planning_ws/install/maze_bot:/opt/ros/foxy /usr/bin/cmake --build /home/pat/ros2_ws/build/turtlesim -- -j12 -l12
[2.642s] [  1%] [34m[1mGenerating C code for ROS interfaces[0m
[2.643s] [35m[1mScanning dependencies of target turtlesim__cpp[0m
[2.651s] [  2%] [34m[1mGenerating C++ code for ROS interfaces[0m
[3.347s] [35m[1mScanning dependencies of target turtlesim__rosidl_generator_c[0m
[3.354s] [  2%] Built target turtlesim__cpp
[3.362s] [  5%] [34m[1mGenerating C++ type support for eProsima Fast-RTPS[0m
[3.362s] [  3%] [34m[1mGenerating C++ introspection for ROS interfaces[0m
[3.362s] [  5%] [34m[1mGenerating C++ type support dispatch for ROS interfaces[0m
[3.379s] [  6%] [32mBuilding C object CMakeFiles/turtlesim__rosidl_generator_c.dir/rosidl_generator_c/turtlesim/srv/detail/teleport_absolute__functions.c.o[0m
[3.380s] [  7%] [32mBuilding C object CMakeFiles/turtlesim__rosidl_generator_c.dir/rosidl_generator_c/turtlesim/msg/detail/pose__functions.c.o[0m
[3.380s] [  8%] [32mBuilding C object CMakeFiles/turtlesim__rosidl_generator_c.dir/rosidl_generator_c/turtlesim/srv/detail/set_pen__functions.c.o[0m
[3.380s] [  9%] [32mBuilding C object CMakeFiles/turtlesim__rosidl_generator_c.dir/rosidl_generator_c/turtlesim/action/detail/rotate_absolute__functions.c.o[0m
[3.380s] [ 10%] [32mBuilding C object CMakeFiles/turtlesim__rosidl_generator_c.dir/rosidl_generator_c/turtlesim/msg/detail/color__functions.c.o[0m
[3.380s] [ 11%] [32mBuilding C object CMakeFiles/turtlesim__rosidl_generator_c.dir/rosidl_generator_c/turtlesim/srv/detail/kill__functions.c.o[0m
[3.381s] [ 12%] [32mBuilding C object CMakeFiles/turtlesim__rosidl_generator_c.dir/rosidl_generator_c/turtlesim/srv/detail/spawn__functions.c.o[0m
[3.381s] [ 13%] [32mBuilding C object CMakeFiles/turtlesim__rosidl_generator_c.dir/rosidl_generator_c/turtlesim/srv/detail/teleport_relative__functions.c.o[0m
[3.486s] [ 14%] [32m[1mLinking C shared library libturtlesim__rosidl_generator_c.so[0m
[3.524s] [ 14%] Built target turtlesim__rosidl_generator_c
[3.531s] [ 15%] [34m[1mGenerating C type support dispatch for ROS interfaces[0m
[3.532s] [ 16%] [34m[1mGenerating C introspection for ROS interfaces[0m
[3.817s] [35m[1mScanning dependencies of target turtlesim__rosidl_typesupport_cpp[0m
[3.843s] [ 20%] [32mBuilding CXX object CMakeFiles/turtlesim__rosidl_typesupport_cpp.dir/rosidl_typesupport_cpp/turtlesim/action/rotate_absolute__type_support.cpp.o[0m
[3.843s] [ 20%] [32mBuilding CXX object CMakeFiles/turtlesim__rosidl_typesupport_cpp.dir/rosidl_typesupport_cpp/turtlesim/msg/pose__type_support.cpp.o[0m
[3.844s] [ 20%] [32mBuilding CXX object CMakeFiles/turtlesim__rosidl_typesupport_cpp.dir/rosidl_typesupport_cpp/turtlesim/srv/kill__type_support.cpp.o[0m
[3.844s] [ 20%] [32mBuilding CXX object CMakeFiles/turtlesim__rosidl_typesupport_cpp.dir/rosidl_typesupport_cpp/turtlesim/msg/color__type_support.cpp.o[0m
[3.844s] [ 21%] [32mBuilding CXX object CMakeFiles/turtlesim__rosidl_typesupport_cpp.dir/rosidl_typesupport_cpp/turtlesim/srv/set_pen__type_support.cpp.o[0m
[3.844s] [ 22%] [32mBuilding CXX object CMakeFiles/turtlesim__rosidl_typesupport_cpp.dir/rosidl_typesupport_cpp/turtlesim/srv/spawn__type_support.cpp.o[0m
[3.844s] [ 23%] [32mBuilding CXX object CMakeFiles/turtlesim__rosidl_typesupport_cpp.dir/rosidl_typesupport_cpp/turtlesim/srv/teleport_absolute__type_support.cpp.o[0m
[3.844s] [ 24%] [32mBuilding CXX object CMakeFiles/turtlesim__rosidl_typesupport_cpp.dir/rosidl_typesupport_cpp/turtlesim/srv/teleport_relative__type_support.cpp.o[0m
[4.096s] [35m[1mScanning dependencies of target turtlesim__rosidl_typesupport_c[0m
[4.131s] [ 25%] [32mBuilding CXX object CMakeFiles/turtlesim__rosidl_typesupport_c.dir/rosidl_typesupport_c/turtlesim/action/rotate_absolute__type_support.cpp.o[0m
[4.136s] [35m[1mScanning dependencies of target turtlesim__rosidl_typesupport_introspection_cpp[0m
[4.168s] [ 26%] [32mBuilding CXX object CMakeFiles/turtlesim__rosidl_typesupport_introspection_cpp.dir/rosidl_typesupport_introspection_cpp/turtlesim/action/detail/rotate_absolute__type_support.cpp.o[0m
[4.201s] [ 27%] [32mBuilding CXX object CMakeFiles/turtlesim__rosidl_typesupport_c.dir/rosidl_typesupport_c/turtlesim/msg/color__type_support.cpp.o[0m
[4.242s] [ 28%] [32mBuilding CXX object CMakeFiles/turtlesim__rosidl_typesupport_c.dir/rosidl_typesupport_c/turtlesim/msg/pose__type_support.cpp.o[0m
[4.263s] [ 30%] [32mBuilding CXX object CMakeFiles/turtlesim__rosidl_typesupport_introspection_cpp.dir/rosidl_typesupport_introspection_cpp/turtlesim/msg/detail/color__type_support.cpp.o[0m
[4.264s] [ 30%] [32mBuilding CXX object CMakeFiles/turtlesim__rosidl_typesupport_c.dir/rosidl_typesupport_c/turtlesim/srv/kill__type_support.cpp.o[0m
[4.264s] [ 31%] [32mBuilding CXX object CMakeFiles/turtlesim__rosidl_typesupport_c.dir/rosidl_typesupport_c/turtlesim/srv/set_pen__type_support.cpp.o[0m
[4.266s] [ 32%] [32mBuilding CXX object CMakeFiles/turtlesim__rosidl_typesupport_c.dir/rosidl_typesupport_c/turtlesim/srv/spawn__type_support.cpp.o[0m
[4.278s] [ 33%] [32mBuilding CXX object CMakeFiles/turtlesim__rosidl_typesupport_c.dir/rosidl_typesupport_c/turtlesim/srv/teleport_absolute__type_support.cpp.o[0m
[4.278s] [ 34%] [32mBuilding CXX object CMakeFiles/turtlesim__rosidl_typesupport_c.dir/rosidl_typesupport_c/turtlesim/srv/teleport_relative__type_support.cpp.o[0m
[4.285s] [ 35%] [32mBuilding CXX object CMakeFiles/turtlesim__rosidl_typesupport_introspection_cpp.dir/rosidl_typesupport_introspection_cpp/turtlesim/msg/detail/pose__type_support.cpp.o[0m
[4.298s] [ 36%] [32mBuilding CXX object CMakeFiles/turtlesim__rosidl_typesupport_introspection_cpp.dir/rosidl_typesupport_introspection_cpp/turtlesim/srv/detail/kill__type_support.cpp.o[0m
[4.299s] [35m[1mScanning dependencies of target turtlesim__rosidl_typesupport_fastrtps_cpp[0m
[4.306s] [ 38%] [32mBuilding CXX object CMakeFiles/turtlesim__rosidl_typesupport_introspection_cpp.dir/rosidl_typesupport_introspection_cpp/turtlesim/srv/detail/spawn__type_support.cpp.o[0m
[4.306s] [ 38%] [32mBuilding CXX object CMakeFiles/turtlesim__rosidl_typesupport_introspection_cpp.dir/rosidl_typesupport_introspection_cpp/turtlesim/srv/detail/set_pen__type_support.cpp.o[0m
[4.312s] [ 39%] [32mBuilding CXX object CMakeFiles/turtlesim__rosidl_typesupport_introspection_cpp.dir/rosidl_typesupport_introspection_cpp/turtlesim/srv/detail/teleport_absolute__type_support.cpp.o[0m
[4.315s] [ 40%] [32m[1mLinking CXX shared library libturtlesim__rosidl_typesupport_cpp.so[0m
[4.319s] [ 41%] [32m[1mLinking CXX shared library libturtlesim__rosidl_typesupport_c.so[0m
[4.346s] [ 42%] [32mBuilding CXX object CMakeFiles/turtlesim__rosidl_typesupport_fastrtps_cpp.dir/rosidl_typesupport_fastrtps_cpp/turtlesim/action/detail/dds_fastrtps/rotate_absolute__type_support.cpp.o[0m
[4.347s] [ 43%] [32mBuilding CXX object CMakeFiles/turtlesim__rosidl_typesupport_fastrtps_cpp.dir/rosidl_typesupport_fastrtps_cpp/turtlesim/msg/detail/dds_fastrtps/color__type_support.cpp.o[0m
[4.372s] [ 43%] Built target turtlesim__rosidl_typesupport_c
[4.375s] [ 43%] Built target turtlesim__rosidl_typesupport_cpp
[4.388s] [ 44%] [32mBuilding CXX object CMakeFiles/turtlesim__rosidl_typesupport_introspection_cpp.dir/rosidl_typesupport_introspection_cpp/turtlesim/srv/detail/teleport_relative__type_support.cpp.o[0m
[4.393s] [ 45%] [32mBuilding CXX object CMakeFiles/turtlesim__rosidl_typesupport_fastrtps_cpp.dir/rosidl_typesupport_fastrtps_cpp/turtlesim/msg/detail/dds_fastrtps/pose__type_support.cpp.o[0m
[4.421s] [35m[1mScanning dependencies of target turtlesim__rosidl_typesupport_introspection_c[0m
[4.448s] [ 46%] [32mBuilding C object CMakeFiles/turtlesim__rosidl_typesupport_introspection_c.dir/rosidl_typesupport_introspection_c/turtlesim/action/detail/rotate_absolute__type_support.c.o[0m
[4.515s] [ 47%] [32mBuilding C object CMakeFiles/turtlesim__rosidl_typesupport_introspection_c.dir/rosidl_typesupport_introspection_c/turtlesim/msg/detail/color__type_support.c.o[0m
[4.568s] [ 48%] [32mBuilding C object CMakeFiles/turtlesim__rosidl_typesupport_introspection_c.dir/rosidl_typesupport_introspection_c/turtlesim/msg/detail/pose__type_support.c.o[0m
[4.615s] [ 49%] [32mBuilding C object CMakeFiles/turtlesim__rosidl_typesupport_introspection_c.dir/rosidl_typesupport_introspection_c/turtlesim/srv/detail/kill__type_support.c.o[0m
[4.666s] [ 50%] [32mBuilding C object CMakeFiles/turtlesim__rosidl_typesupport_introspection_c.dir/rosidl_typesupport_introspection_c/turtlesim/srv/detail/set_pen__type_support.c.o[0m
[4.675s] [ 51%] [32mBuilding CXX object CMakeFiles/turtlesim__rosidl_typesupport_fastrtps_cpp.dir/rosidl_typesupport_fastrtps_cpp/turtlesim/srv/detail/dds_fastrtps/kill__type_support.cpp.o[0m
[4.680s] [ 52%] [32mBuilding CXX object CMakeFiles/turtlesim__rosidl_typesupport_fastrtps_cpp.dir/rosidl_typesupport_fastrtps_cpp/turtlesim/srv/detail/dds_fastrtps/set_pen__type_support.cpp.o[0m
[4.712s] [ 54%] [32mBuilding CXX object CMakeFiles/turtlesim__rosidl_typesupport_fastrtps_cpp.dir/rosidl_typesupport_fastrtps_cpp/turtlesim/srv/detail/dds_fastrtps/spawn__type_support.cpp.o[0m
[4.713s] [ 54%] [32mBuilding C object CMakeFiles/turtlesim__rosidl_typesupport_introspection_c.dir/rosidl_typesupport_introspection_c/turtlesim/srv/detail/spawn__type_support.c.o[0m
[4.716s] [ 56%] [32mBuilding C object CMakeFiles/turtlesim__rosidl_typesupport_introspection_c.dir/rosidl_typesupport_introspection_c/turtlesim/srv/detail/teleport_absolute__type_support.c.o[0m
[4.716s] [ 56%] [32mBuilding CXX object CMakeFiles/turtlesim__rosidl_typesupport_fastrtps_cpp.dir/rosidl_typesupport_fastrtps_cpp/turtlesim/srv/detail/dds_fastrtps/teleport_absolute__type_support.cpp.o[0m
[4.718s] [ 57%] [32mBuilding C object CMakeFiles/turtlesim__rosidl_typesupport_introspection_c.dir/rosidl_typesupport_introspection_c/turtlesim/srv/detail/teleport_relative__type_support.c.o[0m
[4.747s] [ 58%] [32mBuilding CXX object CMakeFiles/turtlesim__rosidl_typesupport_fastrtps_cpp.dir/rosidl_typesupport_fastrtps_cpp/turtlesim/srv/detail/dds_fastrtps/teleport_relative__type_support.cpp.o[0m
[4.770s] [ 59%] [32m[1mLinking C shared library libturtlesim__rosidl_typesupport_introspection_c.so[0m
[4.803s] [ 60%] [32m[1mLinking CXX shared library libturtlesim__rosidl_typesupport_introspection_cpp.so[0m
[4.815s] [ 60%] Built target turtlesim__rosidl_typesupport_introspection_c
[4.916s] [ 60%] Built target turtlesim__rosidl_typesupport_introspection_cpp
[5.206s] [ 61%] [32m[1mLinking CXX shared library libturtlesim__rosidl_typesupport_fastrtps_cpp.so[0m
[5.290s] [ 61%] Built target turtlesim__rosidl_typesupport_fastrtps_cpp
[5.301s] [ 62%] [34m[1mGenerating C type support for eProsima Fast-RTPS[0m
[5.937s] [35m[1mScanning dependencies of target turtlesim__rosidl_typesupport_fastrtps_c[0m
[5.984s] [ 64%] [32mBuilding CXX object CMakeFiles/turtlesim__rosidl_typesupport_fastrtps_c.dir/rosidl_typesupport_fastrtps_c/turtlesim/srv/detail/set_pen__type_support_c.cpp.o[0m
[5.984s] [ 64%] [32mBuilding CXX object CMakeFiles/turtlesim__rosidl_typesupport_fastrtps_c.dir/rosidl_typesupport_fastrtps_c/turtlesim/msg/detail/color__type_support_c.cpp.o[0m
[5.984s] [ 65%] [32mBuilding CXX object CMakeFiles/turtlesim__rosidl_typesupport_fastrtps_c.dir/rosidl_typesupport_fastrtps_c/turtlesim/srv/detail/kill__type_support_c.cpp.o[0m
[5.985s] [ 66%] [32mBuilding CXX object CMakeFiles/turtlesim__rosidl_typesupport_fastrtps_c.dir/rosidl_typesupport_fastrtps_c/turtlesim/action/detail/rotate_absolute__type_support_c.cpp.o[0m
[5.986s] [ 67%] [32mBuilding CXX object CMakeFiles/turtlesim__rosidl_typesupport_fastrtps_c.dir/rosidl_typesupport_fastrtps_c/turtlesim/msg/detail/pose__type_support_c.cpp.o[0m
[5.987s] [ 68%] [32mBuilding CXX object CMakeFiles/turtlesim__rosidl_typesupport_fastrtps_c.dir/rosidl_typesupport_fastrtps_c/turtlesim/srv/detail/spawn__type_support_c.cpp.o[0m
[5.987s] [ 70%] [32mBuilding CXX object CMakeFiles/turtlesim__rosidl_typesupport_fastrtps_c.dir/rosidl_typesupport_fastrtps_c/turtlesim/srv/detail/teleport_relative__type_support_c.cpp.o[0m
[5.988s] [ 70%] [32mBuilding CXX object CMakeFiles/turtlesim__rosidl_typesupport_fastrtps_c.dir/rosidl_typesupport_fastrtps_c/turtlesim/srv/detail/teleport_absolute__type_support_c.cpp.o[0m
[6.458s] [ 71%] [32m[1mLinking CXX shared library libturtlesim__rosidl_typesupport_fastrtps_c.so[0m
[6.532s] [ 71%] Built target turtlesim__rosidl_typesupport_fastrtps_c
[6.540s] [35m[1mScanning dependencies of target turtlesim[0m
[6.550s] [ 71%] Built target turtlesim
[6.559s] [35m[1mScanning dependencies of target mimic[0m
[6.559s] [35m[1mScanning dependencies of target draw_square[0m
[6.559s] [35m[1mScanning dependencies of target turtlesim__py[0m
[6.560s] [35m[1mScanning dependencies of target turtle_teleop_key[0m
[6.560s] [ 72%] [34m[1mGenerating include/turtlesim/moc_turtle_frame.cpp[0m
[6.569s] [ 73%] [34m[1mGenerating Python code for ROS interfaces[0m
[6.629s] [35m[1mScanning dependencies of target turtlesim_node[0m
[6.634s] [ 74%] [32mBuilding CXX object CMakeFiles/draw_square.dir/tutorials/draw_square.cpp.o[0m
[6.634s] [ 75%] [32mBuilding CXX object CMakeFiles/mimic.dir/tutorials/mimic.cpp.o[0m
[6.635s] [ 76%] [32mBuilding CXX object CMakeFiles/turtle_teleop_key.dir/tutorials/teleop_turtle_key.cpp.o[0m
[6.701s] [ 77%] [32mBuilding CXX object CMakeFiles/turtlesim_node.dir/src/turtlesim.cpp.o[0m
[6.701s] [ 78%] [32mBuilding CXX object CMakeFiles/turtlesim_node.dir/src/turtle.cpp.o[0m
[6.703s] [ 79%] [32mBuilding CXX object CMakeFiles/turtlesim_node.dir/include/turtlesim/moc_turtle_frame.cpp.o[0m
[6.703s] [ 80%] [32mBuilding CXX object CMakeFiles/turtlesim_node.dir/src/turtle_frame.cpp.o[0m
[8.274s] [ 80%] Built target turtlesim__py
[8.283s] [35m[1mScanning dependencies of target turtlesim__python[0m
[8.333s] [ 83%] [32mBuilding C object CMakeFiles/turtlesim__python.dir/rosidl_generator_py/turtlesim/srv/_kill_s.c.o[0m
[8.334s] [ 83%] [32mBuilding C object CMakeFiles/turtlesim__python.dir/rosidl_generator_py/turtlesim/action/_rotate_absolute_s.c.o[0m
[8.334s] [ 83%] [32mBuilding C object CMakeFiles/turtlesim__python.dir/rosidl_generator_py/turtlesim/msg/_color_s.c.o[0m
[8.334s] [ 84%] [32mBuilding C object CMakeFiles/turtlesim__python.dir/rosidl_generator_py/turtlesim/srv/_set_pen_s.c.o[0m
[8.334s] [ 85%] [32mBuilding C object CMakeFiles/turtlesim__python.dir/rosidl_generator_py/turtlesim/msg/_pose_s.c.o[0m
[8.465s] [ 86%] [32mBuilding C object CMakeFiles/turtlesim__python.dir/rosidl_generator_py/turtlesim/srv/_spawn_s.c.o[0m
[8.476s] [ 87%] [32mBuilding C object CMakeFiles/turtlesim__python.dir/rosidl_generator_py/turtlesim/srv/_teleport_absolute_s.c.o[0m
[8.485s] [ 88%] [32mBuilding C object CMakeFiles/turtlesim__python.dir/rosidl_generator_py/turtlesim/srv/_teleport_relative_s.c.o[0m
[8.616s] [ 89%] [32m[1mLinking C shared library rosidl_generator_py/turtlesim/libturtlesim__python.so[0m
[8.655s] [ 89%] Built target turtlesim__python
[8.666s] [35m[1mScanning dependencies of target turtlesim__rosidl_typesupport_c__pyext[0m
[8.666s] [35m[1mScanning dependencies of target turtlesim__rosidl_typesupport_introspection_c__pyext[0m
[8.667s] [35m[1mScanning dependencies of target turtlesim__rosidl_typesupport_fastrtps_c__pyext[0m
[8.690s] [ 90%] [32mBuilding C object CMakeFiles/turtlesim__rosidl_typesupport_introspection_c__pyext.dir/rosidl_generator_py/turtlesim/_turtlesim_s.ep.rosidl_typesupport_introspection_c.c.o[0m
[8.690s] [ 91%] [32mBuilding C object CMakeFiles/turtlesim__rosidl_typesupport_c__pyext.dir/rosidl_generator_py/turtlesim/_turtlesim_s.ep.rosidl_typesupport_c.c.o[0m
[8.697s] [ 92%] [32mBuilding C object CMakeFiles/turtlesim__rosidl_typesupport_fastrtps_c__pyext.dir/rosidl_generator_py/turtlesim/_turtlesim_s.ep.rosidl_typesupport_fastrtps_c.c.o[0m
[8.816s] [ 93%] [32m[1mLinking C shared library rosidl_generator_py/turtlesim/turtlesim_s__rosidl_typesupport_c.cpython-38-x86_64-linux-gnu.so[0m
[8.854s] [ 93%] Built target turtlesim__rosidl_typesupport_c__pyext
[8.865s] [ 94%] [32m[1mLinking C shared library rosidl_generator_py/turtlesim/turtlesim_s__rosidl_typesupport_introspection_c.cpython-38-x86_64-linux-gnu.so[0m
[8.882s] [ 95%] [32m[1mLinking CXX shared library rosidl_generator_py/turtlesim/turtlesim_s__rosidl_typesupport_fastrtps_c.cpython-38-x86_64-linux-gnu.so[0m
[8.904s] [ 95%] Built target turtlesim__rosidl_typesupport_introspection_c__pyext
[8.946s] [ 95%] Built target turtlesim__rosidl_typesupport_fastrtps_c__pyext
[10.966s] [ 96%] [32m[1mLinking CXX executable turtle_teleop_key[0m
[11.159s] [ 96%] Built target turtle_teleop_key
[12.064s] [ 97%] [32m[1mLinking CXX executable mimic[0m
[12.258s] [ 97%] Built target mimic
[12.635s] [ 98%] [32m[1mLinking CXX executable draw_square[0m
[12.855s] [ 98%] Built target draw_square
[13.874s] [100%] [32m[1mLinking CXX executable turtlesim_node[0m
[14.921s] [100%] Built target turtlesim_node
[14.934s] Invoked command in '/home/pat/ros2_ws/build/turtlesim' returned '0': CMAKE_PREFIX_PATH=${CMAKE_PREFIX_PATH}:/home/pat/Mazebot_ws/path_planning_ws/install/maze_bot:/opt/ros/foxy /usr/bin/cmake --build /home/pat/ros2_ws/build/turtlesim -- -j12 -l12
[15.094s] Invoking command in '/home/pat/ros2_ws/build/turtlesim': CMAKE_PREFIX_PATH=${CMAKE_PREFIX_PATH}:/home/pat/Mazebot_ws/path_planning_ws/install/maze_bot:/opt/ros/foxy /usr/bin/cmake --install /home/pat/ros2_ws/build/turtlesim
[15.100s] -- Install configuration: ""
[15.100s] -- Installing: /home/pat/ros2_ws/install/turtlesim/share/ament_index/resource_index/rosidl_interfaces/turtlesim
[15.100s] -- Installing: /home/pat/ros2_ws/install/turtlesim/include/turtlesim
[15.100s] -- Installing: /home/pat/ros2_ws/install/turtlesim/include/turtlesim/msg
[15.101s] -- Installing: /home/pat/ros2_ws/install/turtlesim/include/turtlesim/msg/rosidl_generator_c__visibility_control.h
[15.101s] -- Installing: /home/pat/ros2_ws/install/turtlesim/include/turtlesim/msg/pose.h
[15.101s] -- Installing: /home/pat/ros2_ws/install/turtlesim/include/turtlesim/msg/detail
[15.101s] -- Installing: /home/pat/ros2_ws/install/turtlesim/include/turtlesim/msg/detail/color__struct.h
[15.101s] -- Installing: /home/pat/ros2_ws/install/turtlesim/include/turtlesim/msg/detail/color__functions.h
[15.101s] -- Installing: /home/pat/ros2_ws/install/turtlesim/include/turtlesim/msg/detail/pose__functions.h
[15.101s] -- Installing: /home/pat/ros2_ws/install/turtlesim/include/turtlesim/msg/detail/pose__type_support.h
[15.101s] -- Installing: /home/pat/ros2_ws/install/turtlesim/include/turtlesim/msg/detail/color__functions.c
[15.101s] -- Installing: /home/pat/ros2_ws/install/turtlesim/include/turtlesim/msg/detail/pose__struct.h
[15.101s] -- Installing: /home/pat/ros2_ws/install/turtlesim/include/turtlesim/msg/detail/color__type_support.h
[15.102s] -- Installing: /home/pat/ros2_ws/install/turtlesim/include/turtlesim/msg/detail/pose__functions.c
[15.102s] -- Installing: /home/pat/ros2_ws/install/turtlesim/include/turtlesim/msg/color.h
[15.102s] -- Installing: /home/pat/ros2_ws/install/turtlesim/include/turtlesim/srv
[15.102s] -- Installing: /home/pat/ros2_ws/install/turtlesim/include/turtlesim/srv/teleport_relative.h
[15.102s] -- Installing: /home/pat/ros2_ws/install/turtlesim/include/turtlesim/srv/teleport_absolute.h
[15.102s] -- Installing: /home/pat/ros2_ws/install/turtlesim/include/turtlesim/srv/kill.h
[15.102s] -- Installing: /home/pat/ros2_ws/install/turtlesim/include/turtlesim/srv/spawn.h
[15.102s] -- Installing: /home/pat/ros2_ws/install/turtlesim/include/turtlesim/srv/detail
[15.102s] -- Installing: /home/pat/ros2_ws/install/turtlesim/include/turtlesim/srv/detail/spawn__struct.h
[15.102s] -- Installing: /home/pat/ros2_ws/install/turtlesim/include/turtlesim/srv/detail/spawn__functions.h
[15.102s] -- Installing: /home/pat/ros2_ws/install/turtlesim/include/turtlesim/srv/detail/teleport_relative__type_support.h
[15.102s] -- Installing: /home/pat/ros2_ws/install/turtlesim/include/turtlesim/srv/detail/teleport_relative__struct.h
[15.102s] -- Installing: /home/pat/ros2_ws/install/turtlesim/include/turtlesim/srv/detail/spawn__functions.c
[15.103s] -- Installing: /home/pat/ros2_ws/install/turtlesim/include/turtlesim/srv/detail/kill__struct.h
[15.103s] -- Installing: /home/pat/ros2_ws/install/turtlesim/include/turtlesim/srv/detail/teleport_absolute__functions.c
[15.103s] -- Installing: /home/pat/ros2_ws/install/turtlesim/include/turtlesim/srv/detail/kill__functions.c
[15.103s] -- Installing: /home/pat/ros2_ws/install/turtlesim/include/turtlesim/srv/detail/kill__functions.h
[15.103s] -- Installing: /home/pat/ros2_ws/install/turtlesim/include/turtlesim/srv/detail/kill__type_support.h
[15.103s] -- Installing: /home/pat/ros2_ws/install/turtlesim/include/turtlesim/srv/detail/set_pen__struct.h
[15.103s] -- Installing: /home/pat/ros2_ws/install/turtlesim/include/turtlesim/srv/detail/teleport_absolute__struct.h
[15.103s] -- Installing: /home/pat/ros2_ws/install/turtlesim/include/turtlesim/srv/detail/teleport_relative__functions.c
[15.103s] -- Installing: /home/pat/ros2_ws/install/turtlesim/include/turtlesim/srv/detail/teleport_relative__functions.h
[15.103s] -- Installing: /home/pat/ros2_ws/install/turtlesim/include/turtlesim/srv/detail/teleport_absolute__type_support.h
[15.103s] -- Installing: /home/pat/ros2_ws/install/turtlesim/include/turtlesim/srv/detail/spawn__type_support.h
[15.103s] -- Installing: /home/pat/ros2_ws/install/turtlesim/include/turtlesim/srv/detail/set_pen__type_support.h
[15.103s] -- Installing: /home/pat/ros2_ws/install/turtlesim/include/turtlesim/srv/detail/teleport_absolute__functions.h
[15.103s] -- Installing: /home/pat/ros2_ws/install/turtlesim/include/turtlesim/srv/detail/set_pen__functions.h
[15.104s] -- Installing: /home/pat/ros2_ws/install/turtlesim/include/turtlesim/srv/detail/set_pen__functions.c
[15.104s] -- Installing: /home/pat/ros2_ws/install/turtlesim/include/turtlesim/srv/set_pen.h
[15.104s] -- Installing: /home/pat/ros2_ws/install/turtlesim/include/turtlesim/action
[15.104s] -- Installing: /home/pat/ros2_ws/install/turtlesim/include/turtlesim/action/detail
[15.104s] -- Installing: /home/pat/ros2_ws/install/turtlesim/include/turtlesim/action/detail/rotate_absolute__functions.c
[15.104s] -- Installing: /home/pat/ros2_ws/install/turtlesim/include/turtlesim/action/detail/rotate_absolute__type_support.h
[15.104s] -- Installing: /home/pat/ros2_ws/install/turtlesim/include/turtlesim/action/detail/rotate_absolute__struct.h
[15.104s] -- Installing: /home/pat/ros2_ws/install/turtlesim/include/turtlesim/action/detail/rotate_absolute__functions.h
[15.104s] -- Installing: /home/pat/ros2_ws/install/turtlesim/include/turtlesim/action/rotate_absolute.h
[15.104s] -- Installing: /home/pat/ros2_ws/install/turtlesim/share/turtlesim/environment/library_path.sh
[15.104s] -- Installing: /home/pat/ros2_ws/install/turtlesim/share/turtlesim/environment/library_path.dsv
[15.105s] -- Installing: /home/pat/ros2_ws/install/turtlesim/lib/libturtlesim__rosidl_generator_c.so
[15.105s] -- Set runtime path of "/home/pat/ros2_ws/install/turtlesim/lib/libturtlesim__rosidl_generator_c.so" to ""
[15.105s] -- Up-to-date: /home/pat/ros2_ws/install/turtlesim/include/turtlesim
[15.105s] -- Up-to-date: /home/pat/ros2_ws/install/turtlesim/include/turtlesim/msg
[15.105s] -- Installing: /home/pat/ros2_ws/install/turtlesim/include/turtlesim/msg/rosidl_typesupport_fastrtps_c__visibility_control.h
[15.105s] -- Up-to-date: /home/pat/ros2_ws/install/turtlesim/include/turtlesim/msg/detail
[15.105s] -- Installing: /home/pat/ros2_ws/install/turtlesim/include/turtlesim/msg/detail/pose__rosidl_typesupport_fastrtps_c.h
[15.105s] -- Installing: /home/pat/ros2_ws/install/turtlesim/include/turtlesim/msg/detail/color__rosidl_typesupport_fastrtps_c.h
[15.105s] -- Up-to-date: /home/pat/ros2_ws/install/turtlesim/include/turtlesim/srv
[15.105s] -- Up-to-date: /home/pat/ros2_ws/install/turtlesim/include/turtlesim/srv/detail
[15.105s] -- Installing: /home/pat/ros2_ws/install/turtlesim/include/turtlesim/srv/detail/set_pen__rosidl_typesupport_fastrtps_c.h
[15.105s] -- Installing: /home/pat/ros2_ws/install/turtlesim/include/turtlesim/srv/detail/spawn__rosidl_typesupport_fastrtps_c.h
[15.105s] -- Installing: /home/pat/ros2_ws/install/turtlesim/include/turtlesim/srv/detail/teleport_relative__rosidl_typesupport_fastrtps_c.h
[15.106s] -- Installing: /home/pat/ros2_ws/install/turtlesim/include/turtlesim/srv/detail/teleport_absolute__rosidl_typesupport_fastrtps_c.h
[15.106s] -- Installing: /home/pat/ros2_ws/install/turtlesim/include/turtlesim/srv/detail/kill__rosidl_typesupport_fastrtps_c.h
[15.106s] -- Up-to-date: /home/pat/ros2_ws/install/turtlesim/include/turtlesim/action
[15.106s] -- Up-to-date: /home/pat/ros2_ws/install/turtlesim/include/turtlesim/action/detail
[15.106s] -- Installing: /home/pat/ros2_ws/install/turtlesim/include/turtlesim/action/detail/rotate_absolute__rosidl_typesupport_fastrtps_c.h
[15.106s] -- Installing: /home/pat/ros2_ws/install/turtlesim/lib/libturtlesim__rosidl_typesupport_fastrtps_c.so
[15.106s] -- Set runtime path of "/home/pat/ros2_ws/install/turtlesim/lib/libturtlesim__rosidl_typesupport_fastrtps_c.so" to ""
[15.106s] -- Up-to-date: /home/pat/ros2_ws/install/turtlesim/include/turtlesim
[15.106s] -- Up-to-date: /home/pat/ros2_ws/install/turtlesim/include/turtlesim/msg
[15.106s] -- Installing: /home/pat/ros2_ws/install/turtlesim/include/turtlesim/msg/rosidl_typesupport_fastrtps_cpp__visibility_control.h
[15.106s] -- Up-to-date: /home/pat/ros2_ws/install/turtlesim/include/turtlesim/msg/detail
[15.106s] -- Installing: /home/pat/ros2_ws/install/turtlesim/include/turtlesim/msg/detail/pose__rosidl_typesupport_fastrtps_cpp.hpp
[15.106s] -- Installing: /home/pat/ros2_ws/install/turtlesim/include/turtlesim/msg/detail/dds_fastrtps
[15.106s] -- Installing: /home/pat/ros2_ws/install/turtlesim/include/turtlesim/msg/detail/color__rosidl_typesupport_fastrtps_cpp.hpp
[15.106s] -- Up-to-date: /home/pat/ros2_ws/install/turtlesim/include/turtlesim/srv
[15.106s] -- Up-to-date: /home/pat/ros2_ws/install/turtlesim/include/turtlesim/srv/detail
[15.107s] -- Installing: /home/pat/ros2_ws/install/turtlesim/include/turtlesim/srv/detail/set_pen__rosidl_typesupport_fastrtps_cpp.hpp
[15.107s] -- Installing: /home/pat/ros2_ws/install/turtlesim/include/turtlesim/srv/detail/dds_fastrtps
[15.107s] -- Installing: /home/pat/ros2_ws/install/turtlesim/include/turtlesim/srv/detail/kill__rosidl_typesupport_fastrtps_cpp.hpp
[15.107s] -- Installing: /home/pat/ros2_ws/install/turtlesim/include/turtlesim/srv/detail/spawn__rosidl_typesupport_fastrtps_cpp.hpp
[15.107s] -- Installing: /home/pat/ros2_ws/install/turtlesim/include/turtlesim/srv/detail/teleport_absolute__rosidl_typesupport_fastrtps_cpp.hpp
[15.107s] -- Installing: /home/pat/ros2_ws/install/turtlesim/include/turtlesim/srv/detail/teleport_relative__rosidl_typesupport_fastrtps_cpp.hpp
[15.107s] -- Up-to-date: /home/pat/ros2_ws/install/turtlesim/include/turtlesim/action
[15.107s] -- Up-to-date: /home/pat/ros2_ws/install/turtlesim/include/turtlesim/action/detail
[15.107s] -- Installing: /home/pat/ros2_ws/install/turtlesim/include/turtlesim/action/detail/dds_fastrtps
[15.107s] -- Installing: /home/pat/ros2_ws/install/turtlesim/include/turtlesim/action/detail/rotate_absolute__rosidl_typesupport_fastrtps_cpp.hpp
[15.107s] -- Installing: /home/pat/ros2_ws/install/turtlesim/lib/libturtlesim__rosidl_typesupport_fastrtps_cpp.so
[15.107s] -- Set runtime path of "/home/pat/ros2_ws/install/turtlesim/lib/libturtlesim__rosidl_typesupport_fastrtps_cpp.so" to ""
[15.107s] -- Up-to-date: /home/pat/ros2_ws/install/turtlesim/include/turtlesim
[15.107s] -- Up-to-date: /home/pat/ros2_ws/install/turtlesim/include/turtlesim/msg
[15.107s] -- Installing: /home/pat/ros2_ws/install/turtlesim/include/turtlesim/msg/rosidl_typesupport_introspection_c__visibility_control.h
[15.108s] -- Up-to-date: /home/pat/ros2_ws/install/turtlesim/include/turtlesim/msg/detail
[15.108s] -- Installing: /home/pat/ros2_ws/install/turtlesim/include/turtlesim/msg/detail/color__type_support.c
[15.108s] -- Installing: /home/pat/ros2_ws/install/turtlesim/include/turtlesim/msg/detail/pose__type_support.c
[15.108s] -- Installing: /home/pat/ros2_ws/install/turtlesim/include/turtlesim/msg/detail/pose__rosidl_typesupport_introspection_c.h
[15.108s] -- Installing: /home/pat/ros2_ws/install/turtlesim/include/turtlesim/msg/detail/color__rosidl_typesupport_introspection_c.h
[15.108s] -- Up-to-date: /home/pat/ros2_ws/install/turtlesim/include/turtlesim/srv
[15.108s] -- Up-to-date: /home/pat/ros2_ws/install/turtlesim/include/turtlesim/srv/detail
[15.108s] -- Installing: /home/pat/ros2_ws/install/turtlesim/include/turtlesim/srv/detail/set_pen__type_support.c
[15.108s] -- Installing: /home/pat/ros2_ws/install/turtlesim/include/turtlesim/srv/detail/spawn__type_support.c
[15.108s] -- Installing: /home/pat/ros2_ws/install/turtlesim/include/turtlesim/srv/detail/teleport_relative__rosidl_typesupport_introspection_c.h
[15.108s] -- Installing: /home/pat/ros2_ws/install/turtlesim/include/turtlesim/srv/detail/teleport_absolute__rosidl_typesupport_introspection_c.h
[15.108s] -- Installing: /home/pat/ros2_ws/install/turtlesim/include/turtlesim/srv/detail/teleport_relative__type_support.c
[15.108s] -- Installing: /home/pat/ros2_ws/install/turtlesim/include/turtlesim/srv/detail/kill__rosidl_typesupport_introspection_c.h
[15.108s] -- Installing: /home/pat/ros2_ws/install/turtlesim/include/turtlesim/srv/detail/spawn__rosidl_typesupport_introspection_c.h
[15.109s] -- Installing: /home/pat/ros2_ws/install/turtlesim/include/turtlesim/srv/detail/teleport_absolute__type_support.c
[15.109s] -- Installing: /home/pat/ros2_ws/install/turtlesim/include/turtlesim/srv/detail/set_pen__rosidl_typesupport_introspection_c.h
[15.109s] -- Installing: /home/pat/ros2_ws/install/turtlesim/include/turtlesim/srv/detail/kill__type_support.c
[15.109s] -- Up-to-date: /home/pat/ros2_ws/install/turtlesim/include/turtlesim/action
[15.109s] -- Up-to-date: /home/pat/ros2_ws/install/turtlesim/include/turtlesim/action/detail
[15.109s] -- Installing: /home/pat/ros2_ws/install/turtlesim/include/turtlesim/action/detail/rotate_absolute__type_support.c
[15.109s] -- Installing: /home/pat/ros2_ws/install/turtlesim/include/turtlesim/action/detail/rotate_absolute__rosidl_typesupport_introspection_c.h
[15.109s] -- Installing: /home/pat/ros2_ws/install/turtlesim/lib/libturtlesim__rosidl_typesupport_introspection_c.so
[15.109s] -- Set runtime path of "/home/pat/ros2_ws/install/turtlesim/lib/libturtlesim__rosidl_typesupport_introspection_c.so" to ""
[15.109s] -- Installing: /home/pat/ros2_ws/install/turtlesim/lib/libturtlesim__rosidl_typesupport_c.so
[15.109s] -- Set runtime path of "/home/pat/ros2_ws/install/turtlesim/lib/libturtlesim__rosidl_typesupport_c.so" to ""
[15.109s] -- Up-to-date: /home/pat/ros2_ws/install/turtlesim/include/turtlesim
[15.109s] -- Up-to-date: /home/pat/ros2_ws/install/turtlesim/include/turtlesim/msg
[15.109s] -- Installing: /home/pat/ros2_ws/install/turtlesim/include/turtlesim/msg/pose.hpp
[15.109s] -- Installing: /home/pat/ros2_ws/install/turtlesim/include/turtlesim/msg/color.hpp
[15.110s] -- Up-to-date: /home/pat/ros2_ws/install/turtlesim/include/turtlesim/msg/detail
[15.110s] -- Installing: /home/pat/ros2_ws/install/turtlesim/include/turtlesim/msg/detail/color__traits.hpp
[15.110s] -- Installing: /home/pat/ros2_ws/install/turtlesim/include/turtlesim/msg/detail/pose__traits.hpp
[15.110s] -- Installing: /home/pat/ros2_ws/install/turtlesim/include/turtlesim/msg/detail/color__builder.hpp
[15.110s] -- Installing: /home/pat/ros2_ws/install/turtlesim/include/turtlesim/msg/detail/pose__struct.hpp
[15.110s] -- Installing: /home/pat/ros2_ws/install/turtlesim/include/turtlesim/msg/detail/color__struct.hpp
[15.110s] -- Installing: /home/pat/ros2_ws/install/turtlesim/include/turtlesim/msg/detail/pose__builder.hpp
[15.110s] -- Up-to-date: /home/pat/ros2_ws/install/turtlesim/include/turtlesim/srv
[15.110s] -- Installing: /home/pat/ros2_ws/install/turtlesim/include/turtlesim/srv/kill.hpp
[15.110s] -- Installing: /home/pat/ros2_ws/install/turtlesim/include/turtlesim/srv/teleport_relative.hpp
[15.110s] -- Installing: /home/pat/ros2_ws/install/turtlesim/include/turtlesim/srv/set_pen.hpp
[15.110s] -- Installing: /home/pat/ros2_ws/install/turtlesim/include/turtlesim/srv/teleport_absolute.hpp
[15.110s] -- Installing: /home/pat/ros2_ws/install/turtlesim/include/turtlesim/srv/spawn.hpp
[15.110s] -- Up-to-date: /home/pat/ros2_ws/install/turtlesim/include/turtlesim/srv/detail
[15.110s] -- Installing: /home/pat/ros2_ws/install/turtlesim/include/turtlesim/srv/detail/spawn__struct.hpp
[15.111s] -- Installing: /home/pat/ros2_ws/install/turtlesim/include/turtlesim/srv/detail/kill__builder.hpp
[15.111s] -- Installing: /home/pat/ros2_ws/install/turtlesim/include/turtlesim/srv/detail/spawn__traits.hpp
[15.111s] -- Installing: /home/pat/ros2_ws/install/turtlesim/include/turtlesim/srv/detail/teleport_absolute__traits.hpp
[15.111s] -- Installing: /home/pat/ros2_ws/install/turtlesim/include/turtlesim/srv/detail/teleport_absolute__builder.hpp
[15.111s] -- Installing: /home/pat/ros2_ws/install/turtlesim/include/turtlesim/srv/detail/set_pen__struct.hpp
[15.111s] -- Installing: /home/pat/ros2_ws/install/turtlesim/include/turtlesim/srv/detail/set_pen__traits.hpp
[15.111s] -- Installing: /home/pat/ros2_ws/install/turtlesim/include/turtlesim/srv/detail/teleport_relative__traits.hpp
[15.111s] -- Installing: /home/pat/ros2_ws/install/turtlesim/include/turtlesim/srv/detail/teleport_absolute__struct.hpp
[15.111s] -- Installing: /home/pat/ros2_ws/install/turtlesim/include/turtlesim/srv/detail/teleport_relative__builder.hpp
[15.111s] -- Installing: /home/pat/ros2_ws/install/turtlesim/include/turtlesim/srv/detail/teleport_relative__struct.hpp
[15.111s] -- Installing: /home/pat/ros2_ws/install/turtlesim/include/turtlesim/srv/detail/kill__struct.hpp
[15.111s] -- Installing: /home/pat/ros2_ws/install/turtlesim/include/turtlesim/srv/detail/set_pen__builder.hpp
[15.111s] -- Installing: /home/pat/ros2_ws/install/turtlesim/include/turtlesim/srv/detail/spawn__builder.hpp
[15.111s] -- Installing: /home/pat/ros2_ws/install/turtlesim/include/turtlesim/srv/detail/kill__traits.hpp
[15.111s] -- Up-to-date: /home/pat/ros2_ws/install/turtlesim/include/turtlesim/action
[15.112s] -- Installing: /home/pat/ros2_ws/install/turtlesim/include/turtlesim/action/rotate_absolute.hpp
[15.112s] -- Up-to-date: /home/pat/ros2_ws/install/turtlesim/include/turtlesim/action/detail
[15.112s] -- Installing: /home/pat/ros2_ws/install/turtlesim/include/turtlesim/action/detail/rotate_absolute__struct.hpp
[15.112s] -- Installing: /home/pat/ros2_ws/install/turtlesim/include/turtlesim/action/detail/rotate_absolute__builder.hpp
[15.112s] -- Installing: /home/pat/ros2_ws/install/turtlesim/include/turtlesim/action/detail/rotate_absolute__traits.hpp
[15.112s] -- Up-to-date: /home/pat/ros2_ws/install/turtlesim/include/turtlesim
[15.112s] -- Up-to-date: /home/pat/ros2_ws/install/turtlesim/include/turtlesim/msg
[15.112s] -- Up-to-date: /home/pat/ros2_ws/install/turtlesim/include/turtlesim/msg/detail
[15.112s] -- Installing: /home/pat/ros2_ws/install/turtlesim/include/turtlesim/msg/detail/color__type_support.cpp
[15.112s] -- Installing: /home/pat/ros2_ws/install/turtlesim/include/turtlesim/msg/detail/pose__type_support.cpp
[15.112s] -- Installing: /home/pat/ros2_ws/install/turtlesim/include/turtlesim/msg/detail/pose__rosidl_typesupport_introspection_cpp.hpp
[15.112s] -- Installing: /home/pat/ros2_ws/install/turtlesim/include/turtlesim/msg/detail/color__rosidl_typesupport_introspection_cpp.hpp
[15.112s] -- Up-to-date: /home/pat/ros2_ws/install/turtlesim/include/turtlesim/srv
[15.112s] -- Up-to-date: /home/pat/ros2_ws/install/turtlesim/include/turtlesim/srv/detail
[15.112s] -- Installing: /home/pat/ros2_ws/install/turtlesim/include/turtlesim/srv/detail/teleport_relative__rosidl_typesupport_introspection_cpp.hpp
[15.112s] -- Installing: /home/pat/ros2_ws/install/turtlesim/include/turtlesim/srv/detail/teleport_absolute__type_support.cpp
[15.112s] -- Installing: /home/pat/ros2_ws/install/turtlesim/include/turtlesim/srv/detail/kill__type_support.cpp
[15.112s] -- Installing: /home/pat/ros2_ws/install/turtlesim/include/turtlesim/srv/detail/spawn__rosidl_typesupport_introspection_cpp.hpp
[15.113s] -- Installing: /home/pat/ros2_ws/install/turtlesim/include/turtlesim/srv/detail/teleport_relative__type_support.cpp
[15.113s] -- Installing: /home/pat/ros2_ws/install/turtlesim/include/turtlesim/srv/detail/kill__rosidl_typesupport_introspection_cpp.hpp
[15.113s] -- Installing: /home/pat/ros2_ws/install/turtlesim/include/turtlesim/srv/detail/set_pen__rosidl_typesupport_introspection_cpp.hpp
[15.113s] -- Installing: /home/pat/ros2_ws/install/turtlesim/include/turtlesim/srv/detail/spawn__type_support.cpp
[15.113s] -- Installing: /home/pat/ros2_ws/install/turtlesim/include/turtlesim/srv/detail/set_pen__type_support.cpp
[15.113s] -- Installing: /home/pat/ros2_ws/install/turtlesim/include/turtlesim/srv/detail/teleport_absolute__rosidl_typesupport_introspection_cpp.hpp
[15.113s] -- Up-to-date: /home/pat/ros2_ws/install/turtlesim/include/turtlesim/action
[15.113s] -- Up-to-date: /home/pat/ros2_ws/install/turtlesim/include/turtlesim/action/detail
[15.113s] -- Installing: /home/pat/ros2_ws/install/turtlesim/include/turtlesim/action/detail/rotate_absolute__type_support.cpp
[15.113s] -- Installing: /home/pat/ros2_ws/install/turtlesim/include/turtlesim/action/detail/rotate_absolute__rosidl_typesupport_introspection_cpp.hpp
[15.113s] -- Installing: /home/pat/ros2_ws/install/turtlesim/lib/libturtlesim__rosidl_typesupport_introspection_cpp.so
[15.113s] -- Set runtime path of "/home/pat/ros2_ws/install/turtlesim/lib/libturtlesim__rosidl_typesupport_introspection_cpp.so" to ""
[15.113s] -- Installing: /home/pat/ros2_ws/install/turtlesim/lib/libturtlesim__rosidl_typesupport_cpp.so
[15.113s] -- Set runtime path of "/home/pat/ros2_ws/install/turtlesim/lib/libturtlesim__rosidl_typesupport_cpp.so" to ""
[15.113s] -- Installing: /home/pat/ros2_ws/install/turtlesim/share/turtlesim/environment/pythonpath.sh
[15.113s] -- Installing: /home/pat/ros2_ws/install/turtlesim/share/turtlesim/environment/pythonpath.dsv
[15.113s] -- Installing: /home/pat/ros2_ws/install/turtlesim/lib/python3.8/site-packages/turtlesim/__init__.py
[15.160s] Compiling '/home/pat/ros2_ws/install/turtlesim/lib/python3.8/site-packages/turtlesim/__init__.py'...
[15.163s] -- Installing: /home/pat/ros2_ws/install/turtlesim/lib/python3.8/site-packages/turtlesim/action
[15.163s] -- Installing: /home/pat/ros2_ws/install/turtlesim/lib/python3.8/site-packages/turtlesim/action/_rotate_absolute_s.c
[15.163s] -- Installing: /home/pat/ros2_ws/install/turtlesim/lib/python3.8/site-packages/turtlesim/action/__init__.py
[15.163s] -- Installing: /home/pat/ros2_ws/install/turtlesim/lib/python3.8/site-packages/turtlesim/action/_rotate_absolute.py
[15.163s] -- Installing: /home/pat/ros2_ws/install/turtlesim/lib/python3.8/site-packages/turtlesim/msg
[15.163s] -- Installing: /home/pat/ros2_ws/install/turtlesim/lib/python3.8/site-packages/turtlesim/msg/__init__.py
[15.163s] -- Installing: /home/pat/ros2_ws/install/turtlesim/lib/python3.8/site-packages/turtlesim/msg/_color.py
[15.164s] -- Installing: /home/pat/ros2_ws/install/turtlesim/lib/python3.8/site-packages/turtlesim/msg/_color_s.c
[15.164s] -- Installing: /home/pat/ros2_ws/install/turtlesim/lib/python3.8/site-packages/turtlesim/msg/_pose_s.c
[15.164s] -- Installing: /home/pat/ros2_ws/install/turtlesim/lib/python3.8/site-packages/turtlesim/msg/_pose.py
[15.164s] -- Installing: /home/pat/ros2_ws/install/turtlesim/lib/python3.8/site-packages/turtlesim/srv
[15.164s] -- Installing: /home/pat/ros2_ws/install/turtlesim/lib/python3.8/site-packages/turtlesim/srv/_set_pen_s.c
[15.164s] -- Installing: /home/pat/ros2_ws/install/turtlesim/lib/python3.8/site-packages/turtlesim/srv/__init__.py
[15.164s] -- Installing: /home/pat/ros2_ws/install/turtlesim/lib/python3.8/site-packages/turtlesim/srv/_kill.py
[15.164s] -- Installing: /home/pat/ros2_ws/install/turtlesim/lib/python3.8/site-packages/turtlesim/srv/_teleport_relative.py
[15.164s] -- Installing: /home/pat/ros2_ws/install/turtlesim/lib/python3.8/site-packages/turtlesim/srv/_teleport_absolute.py
[15.164s] -- Installing: /home/pat/ros2_ws/install/turtlesim/lib/python3.8/site-packages/turtlesim/srv/_spawn_s.c
[15.164s] -- Installing: /home/pat/ros2_ws/install/turtlesim/lib/python3.8/site-packages/turtlesim/srv/_kill_s.c
[15.164s] -- Installing: /home/pat/ros2_ws/install/turtlesim/lib/python3.8/site-packages/turtlesim/srv/_teleport_absolute_s.c
[15.164s] -- Installing: /home/pat/ros2_ws/install/turtlesim/lib/python3.8/site-packages/turtlesim/srv/_teleport_relative_s.c
[15.164s] -- Installing: /home/pat/ros2_ws/install/turtlesim/lib/python3.8/site-packages/turtlesim/srv/_set_pen.py
[15.165s] -- Installing: /home/pat/ros2_ws/install/turtlesim/lib/python3.8/site-packages/turtlesim/srv/_spawn.py
[15.165s] -- Installing: /home/pat/ros2_ws/install/turtlesim/lib/python3.8/site-packages/turtlesim/turtlesim_s__rosidl_typesupport_fastrtps_c.cpython-38-x86_64-linux-gnu.so
[15.165s] -- Set runtime path of "/home/pat/ros2_ws/install/turtlesim/lib/python3.8/site-packages/turtlesim/turtlesim_s__rosidl_typesupport_fastrtps_c.cpython-38-x86_64-linux-gnu.so" to ""
[15.165s] -- Installing: /home/pat/ros2_ws/install/turtlesim/lib/python3.8/site-packages/turtlesim/turtlesim_s__rosidl_typesupport_introspection_c.cpython-38-x86_64-linux-gnu.so
[15.166s] -- Set runtime path of "/home/pat/ros2_ws/install/turtlesim/lib/python3.8/site-packages/turtlesim/turtlesim_s__rosidl_typesupport_introspection_c.cpython-38-x86_64-linux-gnu.so" to ""
[15.166s] -- Installing: /home/pat/ros2_ws/install/turtlesim/lib/python3.8/site-packages/turtlesim/turtlesim_s__rosidl_typesupport_c.cpython-38-x86_64-linux-gnu.so
[15.167s] -- Set runtime path of "/home/pat/ros2_ws/install/turtlesim/lib/python3.8/site-packages/turtlesim/turtlesim_s__rosidl_typesupport_c.cpython-38-x86_64-linux-gnu.so" to ""
[15.167s] -- Installing: /home/pat/ros2_ws/install/turtlesim/lib/libturtlesim__python.so
[15.167s] -- Set runtime path of "/home/pat/ros2_ws/install/turtlesim/lib/libturtlesim__python.so" to ""
[15.167s] -- Installing: /home/pat/ros2_ws/install/turtlesim/share/turtlesim/action/RotateAbsolute.idl
[15.167s] -- Installing: /home/pat/ros2_ws/install/turtlesim/share/turtlesim/msg/Color.idl
[15.168s] -- Installing: /home/pat/ros2_ws/install/turtlesim/share/turtlesim/msg/Pose.idl
[15.168s] -- Installing: /home/pat/ros2_ws/install/turtlesim/share/turtlesim/srv/Kill.idl
[15.168s] -- Installing: /home/pat/ros2_ws/install/turtlesim/share/turtlesim/srv/SetPen.idl
[15.168s] -- Installing: /home/pat/ros2_ws/install/turtlesim/share/turtlesim/srv/Spawn.idl
[15.168s] -- Installing: /home/pat/ros2_ws/install/turtlesim/share/turtlesim/srv/TeleportAbsolute.idl
[15.168s] -- Installing: /home/pat/ros2_ws/install/turtlesim/share/turtlesim/srv/TeleportRelative.idl
[15.168s] -- Installing: /home/pat/ros2_ws/install/turtlesim/share/turtlesim/action/RotateAbsolute.action
[15.168s] -- Installing: /home/pat/ros2_ws/install/turtlesim/share/turtlesim/msg/Color.msg
[15.168s] -- Installing: /home/pat/ros2_ws/install/turtlesim/share/turtlesim/msg/Pose.msg
[15.169s] -- Installing: /home/pat/ros2_ws/install/turtlesim/share/turtlesim/srv/Kill.srv
[15.169s] -- Installing: /home/pat/ros2_ws/install/turtlesim/share/turtlesim/srv/Kill_Request.msg
[15.169s] -- Installing: /home/pat/ros2_ws/install/turtlesim/share/turtlesim/srv/Kill_Response.msg
[15.169s] -- Installing: /home/pat/ros2_ws/install/turtlesim/share/turtlesim/srv/SetPen.srv
[15.169s] -- Installing: /home/pat/ros2_ws/install/turtlesim/share/turtlesim/srv/SetPen_Request.msg
[15.169s] -- Installing: /home/pat/ros2_ws/install/turtlesim/share/turtlesim/srv/SetPen_Response.msg
[15.169s] -- Installing: /home/pat/ros2_ws/install/turtlesim/share/turtlesim/srv/Spawn.srv
[15.169s] -- Installing: /home/pat/ros2_ws/install/turtlesim/share/turtlesim/srv/Spawn_Request.msg
[15.169s] -- Installing: /home/pat/ros2_ws/install/turtlesim/share/turtlesim/srv/Spawn_Response.msg
[15.170s] -- Installing: /home/pat/ros2_ws/install/turtlesim/share/turtlesim/srv/TeleportAbsolute.srv
[15.170s] -- Installing: /home/pat/ros2_ws/install/turtlesim/share/turtlesim/srv/TeleportAbsolute_Request.msg
[15.170s] -- Installing: /home/pat/ros2_ws/install/turtlesim/share/turtlesim/srv/TeleportAbsolute_Response.msg
[15.170s] -- Installing: /home/pat/ros2_ws/install/turtlesim/share/turtlesim/srv/TeleportRelative.srv
[15.170s] -- Installing: /home/pat/ros2_ws/install/turtlesim/share/turtlesim/srv/TeleportRelative_Request.msg
[15.170s] -- Installing: /home/pat/ros2_ws/install/turtlesim/share/turtlesim/srv/TeleportRelative_Response.msg
[15.170s] -- Installing: /home/pat/ros2_ws/install/turtlesim/lib/turtlesim/turtlesim_node
[15.174s] -- Set runtime path of "/home/pat/ros2_ws/install/turtlesim/lib/turtlesim/turtlesim_node" to ""
[15.174s] -- Installing: /home/pat/ros2_ws/install/turtlesim/lib/turtlesim/turtle_teleop_key
[15.175s] -- Set runtime path of "/home/pat/ros2_ws/install/turtlesim/lib/turtlesim/turtle_teleop_key" to ""
[15.175s] -- Installing: /home/pat/ros2_ws/install/turtlesim/lib/turtlesim/draw_square
[15.177s] -- Set runtime path of "/home/pat/ros2_ws/install/turtlesim/lib/turtlesim/draw_square" to ""
[15.177s] -- Installing: /home/pat/ros2_ws/install/turtlesim/lib/turtlesim/mimic
[15.178s] -- Set runtime path of "/home/pat/ros2_ws/install/turtlesim/lib/turtlesim/mimic" to ""
[15.178s] -- Installing: /home/pat/ros2_ws/install/turtlesim/share/turtlesim/images
[15.178s] -- Installing: /home/pat/ros2_ws/install/turtlesim/share/turtlesim/images/ardent.png
[15.178s] -- Installing: /home/pat/ros2_ws/install/turtlesim/share/turtlesim/images/crystal.png
[15.178s] -- Installing: /home/pat/ros2_ws/install/turtlesim/share/turtlesim/images/foxy.png
[15.178s] -- Installing: /home/pat/ros2_ws/install/turtlesim/share/turtlesim/images/dashing.png
[15.178s] -- Installing: /home/pat/ros2_ws/install/turtlesim/share/turtlesim/images/eloquent.png
[15.178s] -- Installing: /home/pat/ros2_ws/install/turtlesim/share/turtlesim/images/bouncy.png
[15.179s] -- Installing: /home/pat/ros2_ws/install/turtlesim/share/turtlesim/launch
[15.179s] -- Installing: /home/pat/ros2_ws/install/turtlesim/share/turtlesim/launch/multisim.launch.py
[15.179s] -- Installing: /home/pat/ros2_ws/install/turtlesim/share/ament_index/resource_index/package_run_dependencies/turtlesim
[15.179s] -- Installing: /home/pat/ros2_ws/install/turtlesim/share/ament_index/resource_index/parent_prefix_path/turtlesim
[15.179s] -- Installing: /home/pat/ros2_ws/install/turtlesim/share/turtlesim/environment/ament_prefix_path.sh
[15.179s] -- Installing: /home/pat/ros2_ws/install/turtlesim/share/turtlesim/environment/ament_prefix_path.dsv
[15.179s] -- Installing: /home/pat/ros2_ws/install/turtlesim/share/turtlesim/environment/path.sh
[15.179s] -- Installing: /home/pat/ros2_ws/install/turtlesim/share/turtlesim/environment/path.dsv
[15.179s] -- Installing: /home/pat/ros2_ws/install/turtlesim/share/turtlesim/local_setup.bash
[15.179s] -- Installing: /home/pat/ros2_ws/install/turtlesim/share/turtlesim/local_setup.sh
[15.179s] -- Installing: /home/pat/ros2_ws/install/turtlesim/share/turtlesim/local_setup.zsh
[15.179s] -- Installing: /home/pat/ros2_ws/install/turtlesim/share/turtlesim/local_setup.dsv
[15.179s] -- Installing: /home/pat/ros2_ws/install/turtlesim/share/turtlesim/package.dsv
[15.179s] -- Installing: /home/pat/ros2_ws/install/turtlesim/share/ament_index/resource_index/packages/turtlesim
[15.180s] -- Installing: /home/pat/ros2_ws/install/turtlesim/share/turtlesim/cmake/turtlesim__rosidl_generator_cExport.cmake
[15.180s] -- Installing: /home/pat/ros2_ws/install/turtlesim/share/turtlesim/cmake/turtlesim__rosidl_generator_cExport-noconfig.cmake
[15.180s] -- Installing: /home/pat/ros2_ws/install/turtlesim/share/turtlesim/cmake/turtlesim__rosidl_typesupport_introspection_cExport.cmake
[15.180s] -- Installing: /home/pat/ros2_ws/install/turtlesim/share/turtlesim/cmake/turtlesim__rosidl_typesupport_introspection_cExport-noconfig.cmake
[15.180s] -- Installing: /home/pat/ros2_ws/install/turtlesim/share/turtlesim/cmake/turtlesim__rosidl_typesupport_cExport.cmake
[15.180s] -- Installing: /home/pat/ros2_ws/install/turtlesim/share/turtlesim/cmake/turtlesim__rosidl_typesupport_cExport-noconfig.cmake
[15.180s] -- Installing: /home/pat/ros2_ws/install/turtlesim/share/turtlesim/cmake/turtlesim__rosidl_generator_cppExport.cmake
[15.180s] -- Installing: /home/pat/ros2_ws/install/turtlesim/share/turtlesim/cmake/turtlesim__rosidl_typesupport_introspection_cppExport.cmake
[15.180s] -- Installing: /home/pat/ros2_ws/install/turtlesim/share/turtlesim/cmake/turtlesim__rosidl_typesupport_introspection_cppExport-noconfig.cmake
[15.181s] -- Installing: /home/pat/ros2_ws/install/turtlesim/share/turtlesim/cmake/turtlesim__rosidl_typesupport_cppExport.cmake
[15.181s] -- Installing: /home/pat/ros2_ws/install/turtlesim/share/turtlesim/cmake/turtlesim__rosidl_typesupport_cppExport-noconfig.cmake
[15.181s] -- Installing: /home/pat/ros2_ws/install/turtlesim/share/turtlesim/cmake/rosidl_cmake-extras.cmake
[15.181s] -- Installing: /home/pat/ros2_ws/install/turtlesim/share/turtlesim/cmake/ament_cmake_export_dependencies-extras.cmake
[15.181s] -- Installing: /home/pat/ros2_ws/install/turtlesim/share/turtlesim/cmake/ament_cmake_export_libraries-extras.cmake
[15.181s] -- Installing: /home/pat/ros2_ws/install/turtlesim/share/turtlesim/cmake/ament_cmake_export_targets-extras.cmake
[15.181s] -- Installing: /home/pat/ros2_ws/install/turtlesim/share/turtlesim/cmake/ament_cmake_export_include_directories-extras.cmake
[15.181s] -- Installing: /home/pat/ros2_ws/install/turtlesim/share/turtlesim/cmake/rosidl_cmake_export_typesupport_libraries-extras.cmake
[15.181s] -- Installing: /home/pat/ros2_ws/install/turtlesim/share/turtlesim/cmake/rosidl_cmake_export_typesupport_targets-extras.cmake
[15.181s] -- Installing: /home/pat/ros2_ws/install/turtlesim/share/turtlesim/cmake/turtlesimConfig.cmake
[15.181s] -- Installing: /home/pat/ros2_ws/install/turtlesim/share/turtlesim/cmake/turtlesimConfig-version.cmake
[15.181s] -- Installing: /home/pat/ros2_ws/install/turtlesim/share/turtlesim/package.xml
[15.183s] Invoked command in '/home/pat/ros2_ws/build/turtlesim' returned '0': CMAKE_PREFIX_PATH=${CMAKE_PREFIX_PATH}:/home/pat/Mazebot_ws/path_planning_ws/install/maze_bot:/opt/ros/foxy /usr/bin/cmake --install /home/pat/ros2_ws/build/turtlesim
