[0.416s] Invoking command in '/home/pat/ros2_ws/src/turtlesim_control': PYTHONPATH=/home/pat/ros2_ws/install/turtlesim_control/lib/python3.8/site-packages:${PYTHONPATH} /usr/bin/python3 setup.py egg_info --egg-base ../../build/turtlesim_control build --build-base /home/pat/ros2_ws/build/turtlesim_control/build install --prefix /home/pat/ros2_ws/install/turtlesim_control --record /home/pat/ros2_ws/build/turtlesim_control/install.log --single-version-externally-managed
[0.777s] running egg_info
[0.777s] creating ../../build/turtlesim_control/turtlesim_control.egg-info
[0.778s] writing ../../build/turtlesim_control/turtlesim_control.egg-info/PKG-INFO
[0.778s] writing dependency_links to ../../build/turtlesim_control/turtlesim_control.egg-info/dependency_links.txt
[0.778s] writing entry points to ../../build/turtlesim_control/turtlesim_control.egg-info/entry_points.txt
[0.778s] writing requirements to ../../build/turtlesim_control/turtlesim_control.egg-info/requires.txt
[0.778s] writing top-level names to ../../build/turtlesim_control/turtlesim_control.egg-info/top_level.txt
[0.781s] writing manifest file '../../build/turtlesim_control/turtlesim_control.egg-info/SOURCES.txt'
[0.823s] reading manifest file '../../build/turtlesim_control/turtlesim_control.egg-info/SOURCES.txt'
[0.823s] writing manifest file '../../build/turtlesim_control/turtlesim_control.egg-info/SOURCES.txt'
[0.823s] running build
[0.823s] running build_py
[0.823s] creating /home/pat/ros2_ws/build/turtlesim_control/build
[0.823s] creating /home/pat/ros2_ws/build/turtlesim_control/build/lib
[0.823s] creating /home/pat/ros2_ws/build/turtlesim_control/build/lib/turtlesim_control
[0.824s] copying turtlesim_control/__init__.py -> /home/pat/ros2_ws/build/turtlesim_control/build/lib/turtlesim_control
[0.824s] copying turtlesim_control/turtlesim_control.py -> /home/pat/ros2_ws/build/turtlesim_control/build/lib/turtlesim_control
[0.824s] running install
[0.824s] running install_lib
[0.824s] creating /home/pat/ros2_ws/install/turtlesim_control/lib/python3.8/site-packages/turtlesim_control
[0.824s] copying /home/pat/ros2_ws/build/turtlesim_control/build/lib/turtlesim_control/__init__.py -> /home/pat/ros2_ws/install/turtlesim_control/lib/python3.8/site-packages/turtlesim_control
[0.824s] copying /home/pat/ros2_ws/build/turtlesim_control/build/lib/turtlesim_control/turtlesim_control.py -> /home/pat/ros2_ws/install/turtlesim_control/lib/python3.8/site-packages/turtlesim_control
[0.824s] byte-compiling /home/pat/ros2_ws/install/turtlesim_control/lib/python3.8/site-packages/turtlesim_control/__init__.py to __init__.cpython-38.pyc
[0.824s] byte-compiling /home/pat/ros2_ws/install/turtlesim_control/lib/python3.8/site-packages/turtlesim_control/turtlesim_control.py to turtlesim_control.cpython-38.pyc
[0.824s] running install_data
[0.824s] creating /home/pat/ros2_ws/install/turtlesim_control/share/ament_index
[0.825s] creating /home/pat/ros2_ws/install/turtlesim_control/share/ament_index/resource_index
[0.825s] creating /home/pat/ros2_ws/install/turtlesim_control/share/ament_index/resource_index/packages
[0.825s] copying resource/turtlesim_control -> /home/pat/ros2_ws/install/turtlesim_control/share/ament_index/resource_index/packages
[0.825s] copying package.xml -> /home/pat/ros2_ws/install/turtlesim_control/share/turtlesim_control
[0.825s] running install_egg_info
[0.826s] Copying ../../build/turtlesim_control/turtlesim_control.egg-info to /home/pat/ros2_ws/install/turtlesim_control/lib/python3.8/site-packages/turtlesim_control-0.0.0-py3.8.egg-info
[0.831s] running install_scripts
[0.847s] Installing turtlesim_control script to /home/pat/ros2_ws/install/turtlesim_control/lib/turtlesim_control
[0.847s] writing list of installed files to '/home/pat/ros2_ws/build/turtlesim_control/install.log'
[0.874s] Invoked command in '/home/pat/ros2_ws/src/turtlesim_control' returned '0': PYTHONPATH=/home/pat/ros2_ws/install/turtlesim_control/lib/python3.8/site-packages:${PYTHONPATH} /usr/bin/python3 setup.py egg_info --egg-base ../../build/turtlesim_control build --build-base /home/pat/ros2_ws/build/turtlesim_control/build install --prefix /home/pat/ros2_ws/install/turtlesim_control --record /home/pat/ros2_ws/build/turtlesim_control/install.log --single-version-externally-managed
