[0.417s] Invoking command in '/home/pat/ros2_ws/src/turtlesim_control': PYTHONPATH=/home/pat/ros2_ws/install/turtlesim_control/lib/python3.8/site-packages:${PYTHONPATH} /usr/bin/python3 setup.py egg_info --egg-base ../../build/turtlesim_control build --build-base /home/pat/ros2_ws/build/turtlesim_control/build install --prefix /home/pat/ros2_ws/install/turtlesim_control --record /home/pat/ros2_ws/build/turtlesim_control/install.log --single-version-externally-managed
[0.779s] running egg_info
[0.780s] writing ../../build/turtlesim_control/turtlesim_control.egg-info/PKG-INFO
[0.780s] writing dependency_links to ../../build/turtlesim_control/turtlesim_control.egg-info/dependency_links.txt
[0.780s] writing entry points to ../../build/turtlesim_control/turtlesim_control.egg-info/entry_points.txt
[0.780s] writing requirements to ../../build/turtlesim_control/turtlesim_control.egg-info/requires.txt
[0.781s] writing top-level names to ../../build/turtlesim_control/turtlesim_control.egg-info/top_level.txt
[0.815s] reading manifest file '../../build/turtlesim_control/turtlesim_control.egg-info/SOURCES.txt'
[0.815s] writing manifest file '../../build/turtlesim_control/turtlesim_control.egg-info/SOURCES.txt'
[0.816s] running build
[0.816s] running build_py
[0.816s] copying turtlesim_control/turtlesim_comand.py -> /home/pat/ros2_ws/build/turtlesim_control/build/lib/turtlesim_control
[0.816s] running install
[0.817s] running install_lib
[0.818s] copying /home/pat/ros2_ws/build/turtlesim_control/build/lib/turtlesim_control/turtlesim_comand.py -> /home/pat/ros2_ws/install/turtlesim_control/lib/python3.8/site-packages/turtlesim_control
[0.819s] byte-compiling /home/pat/ros2_ws/install/turtlesim_control/lib/python3.8/site-packages/turtlesim_control/turtlesim_comand.py to turtlesim_comand.cpython-38.pyc
[0.821s] running install_data
[0.821s] copying package.xml -> /home/pat/ros2_ws/install/turtlesim_control/share/turtlesim_control
[0.822s] running install_egg_info
[0.823s] removing '/home/pat/ros2_ws/install/turtlesim_control/lib/python3.8/site-packages/turtlesim_control-0.0.0-py3.8.egg-info' (and everything under it)
[0.823s] Copying ../../build/turtlesim_control/turtlesim_control.egg-info to /home/pat/ros2_ws/install/turtlesim_control/lib/python3.8/site-packages/turtlesim_control-0.0.0-py3.8.egg-info
[0.824s] running install_scripts
[0.844s] Installing turtlesim_command script to /home/pat/ros2_ws/install/turtlesim_control/lib/turtlesim_control
[0.844s] Installing turtlesim_control script to /home/pat/ros2_ws/install/turtlesim_control/lib/turtlesim_control
[0.844s] writing list of installed files to '/home/pat/ros2_ws/build/turtlesim_control/install.log'
[0.869s] Invoked command in '/home/pat/ros2_ws/src/turtlesim_control' returned '0': PYTHONPATH=/home/pat/ros2_ws/install/turtlesim_control/lib/python3.8/site-packages:${PYTHONPATH} /usr/bin/python3 setup.py egg_info --egg-base ../../build/turtlesim_control build --build-base /home/pat/ros2_ws/build/turtlesim_control/build install --prefix /home/pat/ros2_ws/install/turtlesim_control --record /home/pat/ros2_ws/build/turtlesim_control/install.log --single-version-externally-managed
