[0.712s] DEBUG:colcon:Command line arguments: ['/home/pat/.local/bin/colcon', 'build']
[0.712s] DEBUG:colcon:Parsed command line arguments: Namespace(allow_overriding=[], ament_cmake_args=None, base_paths=['.'], build_base='build', catkin_cmake_args=None, catkin_skip_building_tests=False, cmake_args=None, cmake_clean_cache=False, cmake_clean_first=False, cmake_force_configure=False, cmake_target=None, cmake_target_skip_unavailable=False, continue_on_error=False, event_handlers=None, executor='parallel', ignore_user_meta=False, install_base='install', log_base=None, log_level=None, main=<bound method BuildVerb.main of <colcon_core.verb.build.BuildVerb object at 0x7f39ab9071f0>>, merge_install=False, metas=['./colcon.meta'], packages_above=None, packages_above_and_dependencies=None, packages_above_depth=None, packages_end=None, packages_ignore=None, packages_ignore_regex=None, packages_select=None, packages_select_build_failed=False, packages_select_by_dep=None, packages_select_regex=None, packages_select_test_failures=False, packages_skip=None, packages_skip_build_finished=False, packages_skip_by_dep=None, packages_skip_regex=None, packages_skip_test_passed=False, packages_skip_up_to=None, packages_start=None, packages_up_to=None, packages_up_to_regex=None, parallel_workers=12, paths=None, symlink_install=False, test_result_base=None, verb_extension=<colcon_core.verb.build.BuildVerb object at 0x7f39ab9071f0>, verb_name='build', verb_parser=<colcon_defaults.argument_parser.defaults.DefaultArgumentsDecorator object at 0x7f39ab907730>)
[0.727s] Level 1:colcon.colcon_core.package_discovery:discover_packages(colcon_meta) check parameters
[0.727s] Level 1:colcon.colcon_core.package_discovery:discover_packages(recursive) check parameters
[0.727s] Level 1:colcon.colcon_core.package_discovery:discover_packages(ignore) check parameters
[0.727s] Level 1:colcon.colcon_core.package_discovery:discover_packages(path) check parameters
[0.727s] Level 1:colcon.colcon_core.package_discovery:discover_packages(colcon_meta) discover
[0.727s] Level 1:colcon.colcon_core.package_discovery:discover_packages(recursive) discover
[0.727s] INFO:colcon.colcon_core.package_discovery:Crawling recursively for packages in '/home/pat/ros2_ws'
[0.727s] Level 1:colcon.colcon_core.package_identification:_identify(.) by extensions ['ignore', 'ignore_ament_install']
[0.727s] Level 1:colcon.colcon_core.package_identification:_identify(.) by extension 'ignore'
[0.727s] Level 1:colcon.colcon_core.package_identification:_identify(.) by extension 'ignore_ament_install'
[0.727s] Level 1:colcon.colcon_core.package_identification:_identify(.) by extensions ['colcon_pkg']
[0.727s] Level 1:colcon.colcon_core.package_identification:_identify(.) by extension 'colcon_pkg'
[0.727s] Level 1:colcon.colcon_core.package_identification:_identify(.) by extensions ['colcon_meta']
[0.727s] Level 1:colcon.colcon_core.package_identification:_identify(.) by extension 'colcon_meta'
[0.728s] Level 1:colcon.colcon_core.package_identification:_identify(.) by extensions ['ros']
[0.728s] Level 1:colcon.colcon_core.package_identification:_identify(.) by extension 'ros'
[0.738s] Level 1:colcon.colcon_core.package_identification:_identify(.) by extensions ['cmake', 'python']
[0.738s] Level 1:colcon.colcon_core.package_identification:_identify(.) by extension 'cmake'
[0.738s] Level 1:colcon.colcon_core.package_identification:_identify(.) by extension 'python'
[0.738s] Level 1:colcon.colcon_core.package_identification:_identify(.) by extensions ['python_setup_py']
[0.738s] Level 1:colcon.colcon_core.package_identification:_identify(.) by extension 'python_setup_py'
[0.738s] Level 1:colcon.colcon_core.package_identification:_identify(build) by extensions ['ignore', 'ignore_ament_install']
[0.738s] Level 1:colcon.colcon_core.package_identification:_identify(build) by extension 'ignore'
[0.738s] Level 1:colcon.colcon_core.package_identification:_identify(build) ignored
[0.738s] Level 1:colcon.colcon_core.package_identification:_identify(install) by extensions ['ignore', 'ignore_ament_install']
[0.739s] Level 1:colcon.colcon_core.package_identification:_identify(install) by extension 'ignore'
[0.739s] Level 1:colcon.colcon_core.package_identification:_identify(install) ignored
[0.739s] Level 1:colcon.colcon_core.package_identification:_identify(log) by extensions ['ignore', 'ignore_ament_install']
[0.739s] Level 1:colcon.colcon_core.package_identification:_identify(log) by extension 'ignore'
[0.739s] Level 1:colcon.colcon_core.package_identification:_identify(log) ignored
[0.739s] Level 1:colcon.colcon_core.package_identification:_identify(src) by extensions ['ignore', 'ignore_ament_install']
[0.739s] Level 1:colcon.colcon_core.package_identification:_identify(src) by extension 'ignore'
[0.739s] Level 1:colcon.colcon_core.package_identification:_identify(src) by extension 'ignore_ament_install'
[0.739s] Level 1:colcon.colcon_core.package_identification:_identify(src) by extensions ['colcon_pkg']
[0.739s] Level 1:colcon.colcon_core.package_identification:_identify(src) by extension 'colcon_pkg'
[0.739s] Level 1:colcon.colcon_core.package_identification:_identify(src) by extensions ['colcon_meta']
[0.739s] Level 1:colcon.colcon_core.package_identification:_identify(src) by extension 'colcon_meta'
[0.739s] Level 1:colcon.colcon_core.package_identification:_identify(src) by extensions ['ros']
[0.739s] Level 1:colcon.colcon_core.package_identification:_identify(src) by extension 'ros'
[0.739s] Level 1:colcon.colcon_core.package_identification:_identify(src) by extensions ['cmake', 'python']
[0.739s] Level 1:colcon.colcon_core.package_identification:_identify(src) by extension 'cmake'
[0.739s] Level 1:colcon.colcon_core.package_identification:_identify(src) by extension 'python'
[0.739s] Level 1:colcon.colcon_core.package_identification:_identify(src) by extensions ['python_setup_py']
[0.739s] Level 1:colcon.colcon_core.package_identification:_identify(src) by extension 'python_setup_py'
[0.739s] Level 1:colcon.colcon_core.package_identification:_identify(src/ros_tutorials) by extensions ['ignore', 'ignore_ament_install']
[0.740s] Level 1:colcon.colcon_core.package_identification:_identify(src/ros_tutorials) by extension 'ignore'
[0.740s] Level 1:colcon.colcon_core.package_identification:_identify(src/ros_tutorials) by extension 'ignore_ament_install'
[0.740s] Level 1:colcon.colcon_core.package_identification:_identify(src/ros_tutorials) by extensions ['colcon_pkg']
[0.740s] Level 1:colcon.colcon_core.package_identification:_identify(src/ros_tutorials) by extension 'colcon_pkg'
[0.740s] Level 1:colcon.colcon_core.package_identification:_identify(src/ros_tutorials) by extensions ['colcon_meta']
[0.740s] Level 1:colcon.colcon_core.package_identification:_identify(src/ros_tutorials) by extension 'colcon_meta'
[0.740s] Level 1:colcon.colcon_core.package_identification:_identify(src/ros_tutorials) by extensions ['ros']
[0.740s] Level 1:colcon.colcon_core.package_identification:_identify(src/ros_tutorials) by extension 'ros'
[0.740s] Level 1:colcon.colcon_core.package_identification:_identify(src/ros_tutorials) by extensions ['cmake', 'python']
[0.740s] Level 1:colcon.colcon_core.package_identification:_identify(src/ros_tutorials) by extension 'cmake'
[0.740s] Level 1:colcon.colcon_core.package_identification:_identify(src/ros_tutorials) by extension 'python'
[0.740s] Level 1:colcon.colcon_core.package_identification:_identify(src/ros_tutorials) by extensions ['python_setup_py']
[0.740s] Level 1:colcon.colcon_core.package_identification:_identify(src/ros_tutorials) by extension 'python_setup_py'
[0.740s] Level 1:colcon.colcon_core.package_identification:_identify(src/ros_tutorials/ros_tutorials) by extensions ['ignore', 'ignore_ament_install']
[0.740s] Level 1:colcon.colcon_core.package_identification:_identify(src/ros_tutorials/ros_tutorials) by extension 'ignore'
[0.740s] Level 1:colcon.colcon_core.package_identification:_identify(src/ros_tutorials/ros_tutorials) ignored
[0.740s] Level 1:colcon.colcon_core.package_identification:_identify(src/ros_tutorials/roscpp_tutorials) by extensions ['ignore', 'ignore_ament_install']
[0.740s] Level 1:colcon.colcon_core.package_identification:_identify(src/ros_tutorials/roscpp_tutorials) by extension 'ignore'
[0.740s] Level 1:colcon.colcon_core.package_identification:_identify(src/ros_tutorials/roscpp_tutorials) ignored
[0.741s] Level 1:colcon.colcon_core.package_identification:_identify(src/ros_tutorials/rospy_tutorials) by extensions ['ignore', 'ignore_ament_install']
[0.741s] Level 1:colcon.colcon_core.package_identification:_identify(src/ros_tutorials/rospy_tutorials) by extension 'ignore'
[0.741s] Level 1:colcon.colcon_core.package_identification:_identify(src/ros_tutorials/rospy_tutorials) ignored
[0.741s] Level 1:colcon.colcon_core.package_identification:_identify(src/ros_tutorials/turtlesim) by extensions ['ignore', 'ignore_ament_install']
[0.741s] Level 1:colcon.colcon_core.package_identification:_identify(src/ros_tutorials/turtlesim) by extension 'ignore'
[0.741s] Level 1:colcon.colcon_core.package_identification:_identify(src/ros_tutorials/turtlesim) by extension 'ignore_ament_install'
[0.741s] Level 1:colcon.colcon_core.package_identification:_identify(src/ros_tutorials/turtlesim) by extensions ['colcon_pkg']
[0.741s] Level 1:colcon.colcon_core.package_identification:_identify(src/ros_tutorials/turtlesim) by extension 'colcon_pkg'
[0.741s] Level 1:colcon.colcon_core.package_identification:_identify(src/ros_tutorials/turtlesim) by extensions ['colcon_meta']
[0.741s] Level 1:colcon.colcon_core.package_identification:_identify(src/ros_tutorials/turtlesim) by extension 'colcon_meta'
[0.741s] Level 1:colcon.colcon_core.package_identification:_identify(src/ros_tutorials/turtlesim) by extensions ['ros']
[0.741s] Level 1:colcon.colcon_core.package_identification:_identify(src/ros_tutorials/turtlesim) by extension 'ros'
[0.744s] DEBUG:colcon.colcon_core.package_identification:Package 'src/ros_tutorials/turtlesim' with type 'ros.ament_cmake' and name 'turtlesim'
[0.744s] Level 1:colcon.colcon_core.package_discovery:discover_packages(recursive) using defaults
[0.744s] Level 1:colcon.colcon_core.package_discovery:discover_packages(ignore) discover
[0.744s] Level 1:colcon.colcon_core.package_discovery:discover_packages(ignore) using defaults
[0.744s] Level 1:colcon.colcon_core.package_discovery:discover_packages(path) discover
[0.744s] Level 1:colcon.colcon_core.package_discovery:discover_packages(path) using defaults
[0.773s] Level 1:colcon.colcon_core.package_discovery:discover_packages(prefix_path) check parameters
[0.773s] Level 1:colcon.colcon_core.package_discovery:discover_packages(prefix_path) discover
[0.780s] DEBUG:colcon.colcon_installed_package_information.package_discovery:Found 3 installed packages in /home/pat/dev_ws/install
[0.780s] DEBUG:colcon.colcon_installed_package_information.package_discovery:Found 6 installed packages in /home/pat/Mazebot_ws/path_planning_ws/install
[0.780s] Level 1:colcon.colcon_core.package_discovery:discover_packages(prefix_path) using defaults
[0.788s] Level 5:colcon.colcon_core.verb:set package 'turtlesim' build argument 'cmake_args' from command line to 'None'
[0.788s] Level 5:colcon.colcon_core.verb:set package 'turtlesim' build argument 'cmake_target' from command line to 'None'
[0.788s] Level 5:colcon.colcon_core.verb:set package 'turtlesim' build argument 'cmake_target_skip_unavailable' from command line to 'False'
[0.788s] Level 5:colcon.colcon_core.verb:set package 'turtlesim' build argument 'cmake_clean_cache' from command line to 'False'
[0.788s] Level 5:colcon.colcon_core.verb:set package 'turtlesim' build argument 'cmake_clean_first' from command line to 'False'
[0.788s] Level 5:colcon.colcon_core.verb:set package 'turtlesim' build argument 'cmake_force_configure' from command line to 'False'
[0.788s] Level 5:colcon.colcon_core.verb:set package 'turtlesim' build argument 'ament_cmake_args' from command line to 'None'
[0.788s] Level 5:colcon.colcon_core.verb:set package 'turtlesim' build argument 'catkin_cmake_args' from command line to 'None'
[0.788s] Level 5:colcon.colcon_core.verb:set package 'turtlesim' build argument 'catkin_skip_building_tests' from command line to 'False'
[0.788s] DEBUG:colcon.colcon_core.verb:Building package 'turtlesim' with the following arguments: {'ament_cmake_args': None, 'build_base': '/home/pat/ros2_ws/build/turtlesim', 'catkin_cmake_args': None, 'catkin_skip_building_tests': False, 'cmake_args': None, 'cmake_clean_cache': False, 'cmake_clean_first': False, 'cmake_force_configure': False, 'cmake_target': None, 'cmake_target_skip_unavailable': False, 'install_base': '/home/pat/ros2_ws/install/turtlesim', 'merge_install': False, 'path': '/home/pat/ros2_ws/src/ros_tutorials/turtlesim', 'symlink_install': False, 'test_result_base': None}
[0.790s] INFO:colcon.colcon_core.executor:Executing jobs using 'parallel' executor
[0.800s] DEBUG:colcon.colcon_parallel_executor.executor.parallel:run_until_complete
[0.800s] INFO:colcon.colcon_ros.task.ament_cmake.build:Building ROS package in '/home/pat/ros2_ws/src/ros_tutorials/turtlesim' with build type 'ament_cmake'
[0.800s] INFO:colcon.colcon_cmake.task.cmake.build:Building CMake package in '/home/pat/ros2_ws/src/ros_tutorials/turtlesim'
[0.810s] INFO:colcon.colcon_core.plugin_system:Skipping extension 'colcon_core.shell.bat': Not used on non-Windows systems
[0.810s] INFO:colcon.colcon_core.shell:Skip shell extension 'powershell' for command environment: Not usable outside of PowerShell
[0.810s] DEBUG:colcon.colcon_core.shell:Skip shell extension 'dsv' for command environment
[0.814s] DEBUG:colcon.colcon_core.shell:Ignoring prefix path '/opt/ros/foxy'
[0.820s] DEBUG:colcon.colcon_core.event_handler.log_command:Invoking command in '/home/pat/ros2_ws/build/turtlesim': CMAKE_PREFIX_PATH=${CMAKE_PREFIX_PATH}:/home/pat/Mazebot_ws/path_planning_ws/install/maze_bot:/opt/ros/foxy /usr/bin/cmake /home/pat/ros2_ws/src/ros_tutorials/turtlesim -DCMAKE_INSTALL_PREFIX=/home/pat/ros2_ws/install/turtlesim
[3.399s] DEBUG:colcon.colcon_core.event_handler.log_command:Invoked command in '/home/pat/ros2_ws/build/turtlesim' returned '0': CMAKE_PREFIX_PATH=${CMAKE_PREFIX_PATH}:/home/pat/Mazebot_ws/path_planning_ws/install/maze_bot:/opt/ros/foxy /usr/bin/cmake /home/pat/ros2_ws/src/ros_tutorials/turtlesim -DCMAKE_INSTALL_PREFIX=/home/pat/ros2_ws/install/turtlesim
[3.402s] DEBUG:colcon.colcon_core.event_handler.log_command:Invoking command in '/home/pat/ros2_ws/build/turtlesim': CMAKE_PREFIX_PATH=${CMAKE_PREFIX_PATH}:/home/pat/Mazebot_ws/path_planning_ws/install/maze_bot:/opt/ros/foxy /usr/bin/cmake --build /home/pat/ros2_ws/build/turtlesim -- -j12 -l12
[15.735s] DEBUG:colcon.colcon_core.event_handler.log_command:Invoked command in '/home/pat/ros2_ws/build/turtlesim' returned '0': CMAKE_PREFIX_PATH=${CMAKE_PREFIX_PATH}:/home/pat/Mazebot_ws/path_planning_ws/install/maze_bot:/opt/ros/foxy /usr/bin/cmake --build /home/pat/ros2_ws/build/turtlesim -- -j12 -l12
[15.895s] DEBUG:colcon.colcon_core.event_handler.log_command:Invoking command in '/home/pat/ros2_ws/build/turtlesim': CMAKE_PREFIX_PATH=${CMAKE_PREFIX_PATH}:/home/pat/Mazebot_ws/path_planning_ws/install/maze_bot:/opt/ros/foxy /usr/bin/cmake --install /home/pat/ros2_ws/build/turtlesim
[15.984s] Level 1:colcon.colcon_core.environment:create_environment_scripts_only(turtlesim)
[15.984s] DEBUG:colcon.colcon_core.event_handler.log_command:Invoked command in '/home/pat/ros2_ws/build/turtlesim' returned '0': CMAKE_PREFIX_PATH=${CMAKE_PREFIX_PATH}:/home/pat/Mazebot_ws/path_planning_ws/install/maze_bot:/opt/ros/foxy /usr/bin/cmake --install /home/pat/ros2_ws/build/turtlesim
[15.996s] Level 1:colcon.colcon_core.environment:checking '/home/pat/ros2_ws/install/turtlesim' for CMake module files
[15.996s] Level 1:colcon.colcon_core.environment:checking '/home/pat/ros2_ws/install/turtlesim' for CMake config files
[15.996s] Level 1:colcon.colcon_core.shell:create_environment_hook('turtlesim', 'cmake_prefix_path')
[16.000s] INFO:colcon.colcon_core.shell:Creating environment hook '/home/pat/ros2_ws/install/turtlesim/share/turtlesim/hook/cmake_prefix_path.ps1'
[16.001s] INFO:colcon.colcon_core.shell:Creating environment descriptor '/home/pat/ros2_ws/install/turtlesim/share/turtlesim/hook/cmake_prefix_path.dsv'
[16.002s] INFO:colcon.colcon_core.shell:Creating environment hook '/home/pat/ros2_ws/install/turtlesim/share/turtlesim/hook/cmake_prefix_path.sh'
[16.003s] Level 1:colcon.colcon_core.environment:checking '/home/pat/ros2_ws/install/turtlesim/lib'
[16.003s] Level 1:colcon.colcon_core.shell:create_environment_hook('turtlesim', 'ld_library_path_lib')
[16.007s] INFO:colcon.colcon_core.shell:Creating environment hook '/home/pat/ros2_ws/install/turtlesim/share/turtlesim/hook/ld_library_path_lib.ps1'
[16.007s] INFO:colcon.colcon_core.shell:Creating environment descriptor '/home/pat/ros2_ws/install/turtlesim/share/turtlesim/hook/ld_library_path_lib.dsv'
[16.007s] INFO:colcon.colcon_core.shell:Creating environment hook '/home/pat/ros2_ws/install/turtlesim/share/turtlesim/hook/ld_library_path_lib.sh'
[16.007s] Level 1:colcon.colcon_core.environment:checking '/home/pat/ros2_ws/install/turtlesim/bin'
[16.007s] Level 1:colcon.colcon_core.environment:checking '/home/pat/ros2_ws/install/turtlesim/lib/pkgconfig/turtlesim.pc'
[16.007s] Level 1:colcon.colcon_core.environment:checking '/home/pat/ros2_ws/install/turtlesim/lib/python3.8/site-packages'
[16.007s] Level 1:colcon.colcon_core.shell:create_environment_hook('turtlesim', 'pythonpath')
[16.011s] INFO:colcon.colcon_core.shell:Creating environment hook '/home/pat/ros2_ws/install/turtlesim/share/turtlesim/hook/pythonpath.ps1'
[16.011s] INFO:colcon.colcon_core.shell:Creating environment descriptor '/home/pat/ros2_ws/install/turtlesim/share/turtlesim/hook/pythonpath.dsv'
[16.011s] INFO:colcon.colcon_core.shell:Creating environment hook '/home/pat/ros2_ws/install/turtlesim/share/turtlesim/hook/pythonpath.sh'
[16.015s] INFO:colcon.colcon_core.shell:Creating package script '/home/pat/ros2_ws/install/turtlesim/share/turtlesim/package.ps1'
[16.016s] INFO:colcon.colcon_core.shell:Creating package descriptor '/home/pat/ros2_ws/install/turtlesim/share/turtlesim/package.dsv'
[16.016s] INFO:colcon.colcon_core.shell:Creating package script '/home/pat/ros2_ws/install/turtlesim/share/turtlesim/package.sh'
[16.017s] INFO:colcon.colcon_core.shell:Creating package script '/home/pat/ros2_ws/install/turtlesim/share/turtlesim/package.bash'
[16.017s] INFO:colcon.colcon_core.shell:Creating package script '/home/pat/ros2_ws/install/turtlesim/share/turtlesim/package.zsh'
[16.018s] Level 1:colcon.colcon_core.environment:create_file_with_runtime_dependencies(/home/pat/ros2_ws/install/turtlesim/share/colcon-core/packages/turtlesim)
[16.146s] Level 1:colcon.colcon_core.environment:create_environment_scripts_only(turtlesim)
[16.151s] Level 1:colcon.colcon_core.environment:checking '/home/pat/ros2_ws/install/turtlesim' for CMake module files
[16.152s] Level 1:colcon.colcon_core.environment:checking '/home/pat/ros2_ws/install/turtlesim' for CMake config files
[16.152s] Level 1:colcon.colcon_core.shell:create_environment_hook('turtlesim', 'cmake_prefix_path')
[16.155s] INFO:colcon.colcon_core.shell:Creating environment hook '/home/pat/ros2_ws/install/turtlesim/share/turtlesim/hook/cmake_prefix_path.ps1'
[16.155s] INFO:colcon.colcon_core.shell:Creating environment descriptor '/home/pat/ros2_ws/install/turtlesim/share/turtlesim/hook/cmake_prefix_path.dsv'
[16.156s] INFO:colcon.colcon_core.shell:Creating environment hook '/home/pat/ros2_ws/install/turtlesim/share/turtlesim/hook/cmake_prefix_path.sh'
[16.156s] Level 1:colcon.colcon_core.environment:checking '/home/pat/ros2_ws/install/turtlesim/lib'
[16.156s] Level 1:colcon.colcon_core.shell:create_environment_hook('turtlesim', 'ld_library_path_lib')
[16.159s] INFO:colcon.colcon_core.shell:Creating environment hook '/home/pat/ros2_ws/install/turtlesim/share/turtlesim/hook/ld_library_path_lib.ps1'
[16.159s] INFO:colcon.colcon_core.shell:Creating environment descriptor '/home/pat/ros2_ws/install/turtlesim/share/turtlesim/hook/ld_library_path_lib.dsv'
[16.160s] INFO:colcon.colcon_core.shell:Creating environment hook '/home/pat/ros2_ws/install/turtlesim/share/turtlesim/hook/ld_library_path_lib.sh'
[16.160s] Level 1:colcon.colcon_core.environment:checking '/home/pat/ros2_ws/install/turtlesim/bin'
[16.160s] Level 1:colcon.colcon_core.environment:checking '/home/pat/ros2_ws/install/turtlesim/lib/pkgconfig/turtlesim.pc'
[16.160s] Level 1:colcon.colcon_core.environment:checking '/home/pat/ros2_ws/install/turtlesim/lib/python3.8/site-packages'
[16.160s] Level 1:colcon.colcon_core.shell:create_environment_hook('turtlesim', 'pythonpath')
[16.163s] INFO:colcon.colcon_core.shell:Creating environment hook '/home/pat/ros2_ws/install/turtlesim/share/turtlesim/hook/pythonpath.ps1'
[16.164s] INFO:colcon.colcon_core.shell:Creating environment descriptor '/home/pat/ros2_ws/install/turtlesim/share/turtlesim/hook/pythonpath.dsv'
[16.164s] INFO:colcon.colcon_core.shell:Creating environment hook '/home/pat/ros2_ws/install/turtlesim/share/turtlesim/hook/pythonpath.sh'
[16.167s] INFO:colcon.colcon_core.shell:Creating package script '/home/pat/ros2_ws/install/turtlesim/share/turtlesim/package.ps1'
[16.168s] INFO:colcon.colcon_core.shell:Creating package descriptor '/home/pat/ros2_ws/install/turtlesim/share/turtlesim/package.dsv'
[16.168s] INFO:colcon.colcon_core.shell:Creating package script '/home/pat/ros2_ws/install/turtlesim/share/turtlesim/package.sh'
[16.168s] INFO:colcon.colcon_core.shell:Creating package script '/home/pat/ros2_ws/install/turtlesim/share/turtlesim/package.bash'
[16.169s] INFO:colcon.colcon_core.shell:Creating package script '/home/pat/ros2_ws/install/turtlesim/share/turtlesim/package.zsh'
[16.169s] Level 1:colcon.colcon_core.environment:create_file_with_runtime_dependencies(/home/pat/ros2_ws/install/turtlesim/share/colcon-core/packages/turtlesim)
[16.169s] DEBUG:colcon.colcon_parallel_executor.executor.parallel:closing loop
[16.169s] DEBUG:colcon.colcon_parallel_executor.executor.parallel:loop closed
[16.169s] DEBUG:colcon.colcon_parallel_executor.executor.parallel:run_until_complete finished with '0'
[16.169s] DEBUG:colcon.colcon_core.event_reactor:joining thread
[16.179s] INFO:colcon.colcon_core.plugin_system:Skipping extension 'colcon_notification.desktop_notification.terminal_notifier': Not used on non-Darwin systems
[16.179s] INFO:colcon.colcon_core.plugin_system:Skipping extension 'colcon_notification.desktop_notification.win32': Not used on non-Windows systems
[16.179s] INFO:colcon.colcon_notification.desktop_notification:Sending desktop notification using 'notify2'
[16.198s] DEBUG:colcon.colcon_core.event_reactor:joined thread
[16.207s] INFO:colcon.colcon_core.shell:Creating prefix script '/home/pat/ros2_ws/install/local_setup.ps1'
[16.208s] INFO:colcon.colcon_core.shell:Creating prefix util module '/home/pat/ros2_ws/install/_local_setup_util_ps1.py'
[16.209s] INFO:colcon.colcon_core.shell:Creating prefix chain script '/home/pat/ros2_ws/install/setup.ps1'
[16.214s] INFO:colcon.colcon_core.shell:Creating prefix script '/home/pat/ros2_ws/install/local_setup.sh'
[16.215s] INFO:colcon.colcon_core.shell:Creating prefix util module '/home/pat/ros2_ws/install/_local_setup_util_sh.py'
[16.216s] INFO:colcon.colcon_core.shell:Creating prefix chain script '/home/pat/ros2_ws/install/setup.sh'
[16.220s] INFO:colcon.colcon_core.shell:Creating prefix script '/home/pat/ros2_ws/install/local_setup.bash'
[16.221s] INFO:colcon.colcon_core.shell:Creating prefix chain script '/home/pat/ros2_ws/install/setup.bash'
[16.225s] INFO:colcon.colcon_core.shell:Creating prefix script '/home/pat/ros2_ws/install/local_setup.zsh'
[16.225s] INFO:colcon.colcon_core.shell:Creating prefix chain script '/home/pat/ros2_ws/install/setup.zsh'
