[0.571s] DEBUG:colcon:Command line arguments: ['/home/pat/.local/bin/colcon', 'list', '-p', '--base-paths', '/home/pat/ros2_ws']
[0.571s] DEBUG:colcon:Parsed command line arguments: Namespace(allow_overriding=[], base_paths=['/home/pat/ros2_ws'], build_base='build', ignore_user_meta=False, log_base=None, log_level=None, main=<bound method ListVerb.main of <colcon_package_information.verb.list.ListVerb object at 0x7fd88b065fa0>>, metas=['./colcon.meta'], names_only=False, packages_above=None, packages_above_and_dependencies=None, packages_above_depth=None, packages_end=None, packages_ignore=None, packages_ignore_regex=None, packages_select=None, packages_select_build_failed=False, packages_select_by_dep=None, packages_select_regex=None, packages_select_test_failures=False, packages_skip=None, packages_skip_build_finished=False, packages_skip_by_dep=None, packages_skip_regex=None, packages_skip_test_passed=False, packages_skip_up_to=None, packages_start=None, packages_up_to=None, packages_up_to_regex=None, paths=None, paths_only=True, topological_graph=False, topological_graph_density=False, topological_graph_dot=False, topological_graph_dot_cluster=False, topological_graph_dot_include_skipped=False, topological_graph_legend=False, topological_order=False, verb_extension=<colcon_package_information.verb.list.ListVerb object at 0x7fd88b065fa0>, verb_name='list', verb_parser=<colcon_defaults.argument_parser.defaults.DefaultArgumentsDecorator object at 0x7fd88b06feb0>)
[0.604s] Level 1:colcon.colcon_core.package_discovery:discover_packages(colcon_meta) check parameters
[0.604s] Level 1:colcon.colcon_core.package_discovery:discover_packages(recursive) check parameters
[0.604s] Level 1:colcon.colcon_core.package_discovery:discover_packages(ignore) check parameters
[0.604s] Level 1:colcon.colcon_core.package_discovery:discover_packages(path) check parameters
[0.604s] Level 1:colcon.colcon_core.package_discovery:discover_packages(recursive) discover
[0.604s] INFO:colcon.colcon_core.package_discovery:Crawling recursively for packages in '/home/pat/ros2_ws'
[0.604s] Level 1:colcon.colcon_core.package_identification:_identify(/home/pat/ros2_ws) by extensions ['ignore', 'ignore_ament_install']
[0.604s] Level 1:colcon.colcon_core.package_identification:_identify(/home/pat/ros2_ws) by extension 'ignore'
[0.604s] Level 1:colcon.colcon_core.package_identification:_identify(/home/pat/ros2_ws) by extension 'ignore_ament_install'
[0.604s] Level 1:colcon.colcon_core.package_identification:_identify(/home/pat/ros2_ws) by extensions ['colcon_pkg']
[0.604s] Level 1:colcon.colcon_core.package_identification:_identify(/home/pat/ros2_ws) by extension 'colcon_pkg'
[0.604s] Level 1:colcon.colcon_core.package_identification:_identify(/home/pat/ros2_ws) by extensions ['colcon_meta']
[0.604s] Level 1:colcon.colcon_core.package_identification:_identify(/home/pat/ros2_ws) by extension 'colcon_meta'
[0.605s] Level 1:colcon.colcon_core.package_identification:_identify(/home/pat/ros2_ws) by extensions ['ros']
[0.605s] Level 1:colcon.colcon_core.package_identification:_identify(/home/pat/ros2_ws) by extension 'ros'
[0.615s] Level 1:colcon.colcon_core.package_identification:_identify(/home/pat/ros2_ws) by extensions ['cmake', 'python']
[0.615s] Level 1:colcon.colcon_core.package_identification:_identify(/home/pat/ros2_ws) by extension 'cmake'
[0.615s] Level 1:colcon.colcon_core.package_identification:_identify(/home/pat/ros2_ws) by extension 'python'
[0.615s] Level 1:colcon.colcon_core.package_identification:_identify(/home/pat/ros2_ws) by extensions ['python_setup_py']
[0.615s] Level 1:colcon.colcon_core.package_identification:_identify(/home/pat/ros2_ws) by extension 'python_setup_py'
[0.615s] Level 1:colcon.colcon_core.package_identification:_identify(/home/pat/ros2_ws/build) by extensions ['ignore', 'ignore_ament_install']
[0.616s] Level 1:colcon.colcon_core.package_identification:_identify(/home/pat/ros2_ws/build) by extension 'ignore'
[0.616s] Level 1:colcon.colcon_core.package_identification:_identify(/home/pat/ros2_ws/build) ignored
[0.616s] Level 1:colcon.colcon_core.package_identification:_identify(/home/pat/ros2_ws/install) by extensions ['ignore', 'ignore_ament_install']
[0.616s] Level 1:colcon.colcon_core.package_identification:_identify(/home/pat/ros2_ws/install) by extension 'ignore'
[0.616s] Level 1:colcon.colcon_core.package_identification:_identify(/home/pat/ros2_ws/install) ignored
[0.616s] Level 1:colcon.colcon_core.package_identification:_identify(/home/pat/ros2_ws/log) by extensions ['ignore', 'ignore_ament_install']
[0.616s] Level 1:colcon.colcon_core.package_identification:_identify(/home/pat/ros2_ws/log) by extension 'ignore'
[0.616s] Level 1:colcon.colcon_core.package_identification:_identify(/home/pat/ros2_ws/log) ignored
[0.616s] Level 1:colcon.colcon_core.package_identification:_identify(/home/pat/ros2_ws/src) by extensions ['ignore', 'ignore_ament_install']
[0.616s] Level 1:colcon.colcon_core.package_identification:_identify(/home/pat/ros2_ws/src) by extension 'ignore'
[0.616s] Level 1:colcon.colcon_core.package_identification:_identify(/home/pat/ros2_ws/src) by extension 'ignore_ament_install'
[0.616s] Level 1:colcon.colcon_core.package_identification:_identify(/home/pat/ros2_ws/src) by extensions ['colcon_pkg']
[0.616s] Level 1:colcon.colcon_core.package_identification:_identify(/home/pat/ros2_ws/src) by extension 'colcon_pkg'
[0.616s] Level 1:colcon.colcon_core.package_identification:_identify(/home/pat/ros2_ws/src) by extensions ['colcon_meta']
[0.616s] Level 1:colcon.colcon_core.package_identification:_identify(/home/pat/ros2_ws/src) by extension 'colcon_meta'
[0.617s] Level 1:colcon.colcon_core.package_identification:_identify(/home/pat/ros2_ws/src) by extensions ['ros']
[0.617s] Level 1:colcon.colcon_core.package_identification:_identify(/home/pat/ros2_ws/src) by extension 'ros'
[0.617s] Level 1:colcon.colcon_core.package_identification:_identify(/home/pat/ros2_ws/src) by extensions ['cmake', 'python']
[0.617s] Level 1:colcon.colcon_core.package_identification:_identify(/home/pat/ros2_ws/src) by extension 'cmake'
[0.617s] Level 1:colcon.colcon_core.package_identification:_identify(/home/pat/ros2_ws/src) by extension 'python'
[0.617s] Level 1:colcon.colcon_core.package_identification:_identify(/home/pat/ros2_ws/src) by extensions ['python_setup_py']
[0.617s] Level 1:colcon.colcon_core.package_identification:_identify(/home/pat/ros2_ws/src) by extension 'python_setup_py'
[0.617s] Level 1:colcon.colcon_core.package_identification:_identify(/home/pat/ros2_ws/src/ros_tutorials) by extensions ['ignore', 'ignore_ament_install']
[0.617s] Level 1:colcon.colcon_core.package_identification:_identify(/home/pat/ros2_ws/src/ros_tutorials) by extension 'ignore'
[0.617s] Level 1:colcon.colcon_core.package_identification:_identify(/home/pat/ros2_ws/src/ros_tutorials) by extension 'ignore_ament_install'
[0.617s] Level 1:colcon.colcon_core.package_identification:_identify(/home/pat/ros2_ws/src/ros_tutorials) by extensions ['colcon_pkg']
[0.617s] Level 1:colcon.colcon_core.package_identification:_identify(/home/pat/ros2_ws/src/ros_tutorials) by extension 'colcon_pkg'
[0.617s] Level 1:colcon.colcon_core.package_identification:_identify(/home/pat/ros2_ws/src/ros_tutorials) by extensions ['colcon_meta']
[0.617s] Level 1:colcon.colcon_core.package_identification:_identify(/home/pat/ros2_ws/src/ros_tutorials) by extension 'colcon_meta'
[0.617s] Level 1:colcon.colcon_core.package_identification:_identify(/home/pat/ros2_ws/src/ros_tutorials) by extensions ['ros']
[0.617s] Level 1:colcon.colcon_core.package_identification:_identify(/home/pat/ros2_ws/src/ros_tutorials) by extension 'ros'
[0.617s] Level 1:colcon.colcon_core.package_identification:_identify(/home/pat/ros2_ws/src/ros_tutorials) by extensions ['cmake', 'python']
[0.617s] Level 1:colcon.colcon_core.package_identification:_identify(/home/pat/ros2_ws/src/ros_tutorials) by extension 'cmake'
[0.617s] Level 1:colcon.colcon_core.package_identification:_identify(/home/pat/ros2_ws/src/ros_tutorials) by extension 'python'
[0.617s] Level 1:colcon.colcon_core.package_identification:_identify(/home/pat/ros2_ws/src/ros_tutorials) by extensions ['python_setup_py']
[0.617s] Level 1:colcon.colcon_core.package_identification:_identify(/home/pat/ros2_ws/src/ros_tutorials) by extension 'python_setup_py'
[0.618s] Level 1:colcon.colcon_core.package_identification:_identify(/home/pat/ros2_ws/src/ros_tutorials/ros_tutorials) by extensions ['ignore', 'ignore_ament_install']
[0.618s] Level 1:colcon.colcon_core.package_identification:_identify(/home/pat/ros2_ws/src/ros_tutorials/ros_tutorials) by extension 'ignore'
[0.618s] Level 1:colcon.colcon_core.package_identification:_identify(/home/pat/ros2_ws/src/ros_tutorials/ros_tutorials) ignored
[0.618s] Level 1:colcon.colcon_core.package_identification:_identify(/home/pat/ros2_ws/src/ros_tutorials/roscpp_tutorials) by extensions ['ignore', 'ignore_ament_install']
[0.618s] Level 1:colcon.colcon_core.package_identification:_identify(/home/pat/ros2_ws/src/ros_tutorials/roscpp_tutorials) by extension 'ignore'
[0.618s] Level 1:colcon.colcon_core.package_identification:_identify(/home/pat/ros2_ws/src/ros_tutorials/roscpp_tutorials) ignored
[0.618s] Level 1:colcon.colcon_core.package_identification:_identify(/home/pat/ros2_ws/src/ros_tutorials/rospy_tutorials) by extensions ['ignore', 'ignore_ament_install']
[0.618s] Level 1:colcon.colcon_core.package_identification:_identify(/home/pat/ros2_ws/src/ros_tutorials/rospy_tutorials) by extension 'ignore'
[0.618s] Level 1:colcon.colcon_core.package_identification:_identify(/home/pat/ros2_ws/src/ros_tutorials/rospy_tutorials) ignored
[0.618s] Level 1:colcon.colcon_core.package_identification:_identify(/home/pat/ros2_ws/src/ros_tutorials/turtlesim) by extensions ['ignore', 'ignore_ament_install']
[0.618s] Level 1:colcon.colcon_core.package_identification:_identify(/home/pat/ros2_ws/src/ros_tutorials/turtlesim) by extension 'ignore'
[0.618s] Level 1:colcon.colcon_core.package_identification:_identify(/home/pat/ros2_ws/src/ros_tutorials/turtlesim) by extension 'ignore_ament_install'
[0.618s] Level 1:colcon.colcon_core.package_identification:_identify(/home/pat/ros2_ws/src/ros_tutorials/turtlesim) by extensions ['colcon_pkg']
[0.618s] Level 1:colcon.colcon_core.package_identification:_identify(/home/pat/ros2_ws/src/ros_tutorials/turtlesim) by extension 'colcon_pkg'
[0.618s] Level 1:colcon.colcon_core.package_identification:_identify(/home/pat/ros2_ws/src/ros_tutorials/turtlesim) by extensions ['colcon_meta']
[0.619s] Level 1:colcon.colcon_core.package_identification:_identify(/home/pat/ros2_ws/src/ros_tutorials/turtlesim) by extension 'colcon_meta'
[0.619s] Level 1:colcon.colcon_core.package_identification:_identify(/home/pat/ros2_ws/src/ros_tutorials/turtlesim) by extensions ['ros']
[0.619s] Level 1:colcon.colcon_core.package_identification:_identify(/home/pat/ros2_ws/src/ros_tutorials/turtlesim) by extension 'ros'
[0.621s] DEBUG:colcon.colcon_core.package_identification:Package '/home/pat/ros2_ws/src/ros_tutorials/turtlesim' with type 'ros.ament_cmake' and name 'turtlesim'
[0.621s] Level 1:colcon.colcon_core.package_identification:_identify(/home/pat/ros2_ws/src/turtlesim_control) by extensions ['ignore', 'ignore_ament_install']
[0.621s] Level 1:colcon.colcon_core.package_identification:_identify(/home/pat/ros2_ws/src/turtlesim_control) by extension 'ignore'
[0.621s] Level 1:colcon.colcon_core.package_identification:_identify(/home/pat/ros2_ws/src/turtlesim_control) by extension 'ignore_ament_install'
[0.622s] Level 1:colcon.colcon_core.package_identification:_identify(/home/pat/ros2_ws/src/turtlesim_control) by extensions ['colcon_pkg']
[0.622s] Level 1:colcon.colcon_core.package_identification:_identify(/home/pat/ros2_ws/src/turtlesim_control) by extension 'colcon_pkg'
[0.622s] Level 1:colcon.colcon_core.package_identification:_identify(/home/pat/ros2_ws/src/turtlesim_control) by extensions ['colcon_meta']
[0.622s] Level 1:colcon.colcon_core.package_identification:_identify(/home/pat/ros2_ws/src/turtlesim_control) by extension 'colcon_meta'
[0.622s] Level 1:colcon.colcon_core.package_identification:_identify(/home/pat/ros2_ws/src/turtlesim_control) by extensions ['ros']
[0.622s] Level 1:colcon.colcon_core.package_identification:_identify(/home/pat/ros2_ws/src/turtlesim_control) by extension 'ros'
[0.622s] DEBUG:colcon.colcon_core.package_identification:Package '/home/pat/ros2_ws/src/turtlesim_control' with type 'ros.ament_python' and name 'turtlesim_control'
[0.622s] Level 1:colcon.colcon_core.package_discovery:discover_packages(recursive) using defaults
