[0.422s] Invoking command in '/home/pat/ros2_ws/src/turtlesim_control': PYTHONPATH=/home/pat/ros2_ws/install/turtlesim_control/lib/python3.8/site-packages:${PYTHONPATH} /usr/bin/python3 setup.py egg_info --egg-base ../../build/turtlesim_control build --build-base /home/pat/ros2_ws/build/turtlesim_control/build install --prefix /home/pat/ros2_ws/install/turtlesim_control --record /home/pat/ros2_ws/build/turtlesim_control/install.log --single-version-externally-managed
[0.781s] running egg_info
[0.781s] writing ../../build/turtlesim_control/turtlesim_control.egg-info/PKG-INFO
[0.782s] writing dependency_links to ../../build/turtlesim_control/turtlesim_control.egg-info/dependency_links.txt
[0.782s] writing entry points to ../../build/turtlesim_control/turtlesim_control.egg-info/entry_points.txt
[0.782s] writing requirements to ../../build/turtlesim_control/turtlesim_control.egg-info/requires.txt
[0.782s] writing top-level names to ../../build/turtlesim_control/turtlesim_control.egg-info/top_level.txt
[0.825s] reading manifest file '../../build/turtlesim_control/turtlesim_control.egg-info/SOURCES.txt'
[0.825s] writing manifest file '../../build/turtlesim_control/turtlesim_control.egg-info/SOURCES.txt'
[0.825s] running build
[0.825s] running build_py
[0.826s] copying turtlesim_control/test_subscribe.py -> /home/pat/ros2_ws/build/turtlesim_control/build/lib/turtlesim_control
[0.826s] copying turtlesim_control/turtlesim_command.py -> /home/pat/ros2_ws/build/turtlesim_control/build/lib/turtlesim_control
[0.826s] running install
[0.828s] running install_lib
[0.828s] copying /home/pat/ros2_ws/build/turtlesim_control/build/lib/turtlesim_control/test_subscribe.py -> /home/pat/ros2_ws/install/turtlesim_control/lib/python3.8/site-packages/turtlesim_control
[0.828s] copying /home/pat/ros2_ws/build/turtlesim_control/build/lib/turtlesim_control/turtlesim_command.py -> /home/pat/ros2_ws/install/turtlesim_control/lib/python3.8/site-packages/turtlesim_control
[0.828s] byte-compiling /home/pat/ros2_ws/install/turtlesim_control/lib/python3.8/site-packages/turtlesim_control/test_subscribe.py to test_subscribe.cpython-38.pyc
[0.828s] byte-compiling /home/pat/ros2_ws/install/turtlesim_control/lib/python3.8/site-packages/turtlesim_control/turtlesim_command.py to turtlesim_command.cpython-38.pyc
[0.828s] running install_data
[0.828s] running install_egg_info
[0.828s] removing '/home/pat/ros2_ws/install/turtlesim_control/lib/python3.8/site-packages/turtlesim_control-0.0.0-py3.8.egg-info' (and everything under it)
[0.828s] Copying ../../build/turtlesim_control/turtlesim_control.egg-info to /home/pat/ros2_ws/install/turtlesim_control/lib/python3.8/site-packages/turtlesim_control-0.0.0-py3.8.egg-info
[0.828s] running install_scripts
[0.840s] Installing test_subscribe script to /home/pat/ros2_ws/install/turtlesim_control/lib/turtlesim_control
[0.840s] Installing turtlesim_command script to /home/pat/ros2_ws/install/turtlesim_control/lib/turtlesim_control
[0.840s] Installing turtlesim_control script to /home/pat/ros2_ws/install/turtlesim_control/lib/turtlesim_control
[0.845s] writing list of installed files to '/home/pat/ros2_ws/build/turtlesim_control/install.log'
[0.875s] Invoked command in '/home/pat/ros2_ws/src/turtlesim_control' returned '0': PYTHONPATH=/home/pat/ros2_ws/install/turtlesim_control/lib/python3.8/site-packages:${PYTHONPATH} /usr/bin/python3 setup.py egg_info --egg-base ../../build/turtlesim_control build --build-base /home/pat/ros2_ws/build/turtlesim_control/build install --prefix /home/pat/ros2_ws/install/turtlesim_control --record /home/pat/ros2_ws/build/turtlesim_control/install.log --single-version-externally-managed
