/home/pat/ros2_ws/install/turtlesim_control/lib/python3.8/site-packages/turtlesim_control/test_subscribe.py
/home/pat/ros2_ws/install/turtlesim_control/lib/python3.8/site-packages/turtlesim_control/__init__.py
/home/pat/ros2_ws/install/turtlesim_control/lib/python3.8/site-packages/turtlesim_control/turtlesim_command.py
/home/pat/ros2_ws/install/turtlesim_control/lib/python3.8/site-packages/turtlesim_control/turtlesim_control.py
/home/pat/ros2_ws/install/turtlesim_control/lib/python3.8/site-packages/turtlesim_control/__pycache__/test_subscribe.cpython-38.pyc
/home/pat/ros2_ws/install/turtlesim_control/lib/python3.8/site-packages/turtlesim_control/__pycache__/__init__.cpython-38.pyc
/home/pat/ros2_ws/install/turtlesim_control/lib/python3.8/site-packages/turtlesim_control/__pycache__/turtlesim_command.cpython-38.pyc
/home/pat/ros2_ws/install/turtlesim_control/lib/python3.8/site-packages/turtlesim_control/__pycache__/turtlesim_control.cpython-38.pyc
/home/pat/ros2_ws/install/turtlesim_control/share/ament_index/resource_index/packages/turtlesim_control
/home/pat/ros2_ws/install/turtlesim_control/share/turtlesim_control/package.xml
/home/pat/ros2_ws/install/turtlesim_control/lib/python3.8/site-packages/turtlesim_control-0.0.0-py3.8.egg-info/top_level.txt
/home/pat/ros2_ws/install/turtlesim_control/lib/python3.8/site-packages/turtlesim_control-0.0.0-py3.8.egg-info/entry_points.txt
/home/pat/ros2_ws/install/turtlesim_control/lib/python3.8/site-packages/turtlesim_control-0.0.0-py3.8.egg-info/zip-safe
/home/pat/ros2_ws/install/turtlesim_control/lib/python3.8/site-packages/turtlesim_control-0.0.0-py3.8.egg-info/requires.txt
/home/pat/ros2_ws/install/turtlesim_control/lib/python3.8/site-packages/turtlesim_control-0.0.0-py3.8.egg-info/PKG-INFO
/home/pat/ros2_ws/install/turtlesim_control/lib/python3.8/site-packages/turtlesim_control-0.0.0-py3.8.egg-info/dependency_links.txt
/home/pat/ros2_ws/install/turtlesim_control/lib/python3.8/site-packages/turtlesim_control-0.0.0-py3.8.egg-info/SOURCES.txt
/home/pat/ros2_ws/install/turtlesim_control/lib/turtlesim_control/test_subscribe
/home/pat/ros2_ws/install/turtlesim_control/lib/turtlesim_control/turtlesim_command
/home/pat/ros2_ws/install/turtlesim_control/lib/turtlesim_control/turtlesim_control
